#
# A fatal error has been detected by the Java Runtime Environment:
#
#  SIGSEGV (0xb) at pc=0x0000000130716a82, pid=74370, tid=24067
#
# JRE version: OpenJDK Runtime Environment (16.0.1+9) (build 16.0.1+9-24)
# Java VM: OpenJDK 64-Bit Server VM (16.0.1+9-24, mixed mode, sharing, tiered, compressed oops, compressed class ptrs, g1 gc, bsd-amd64)
# Problematic frame:
# C  [libglass.dylib+0xca82]  -[GlassFrameBufferObject blitFromFBO:]+0x22
#
# No core dump will be written. Core dumps have been disabled. To enable core dumping, try "ulimit -c unlimited" before starting Java again
#
# If you would like to submit a bug report, please visit:
#   https://bugreport.java.com/bugreport/crash.jsp
# The crash happened outside the Java Virtual Machine in native code.
# See problematic frame for where to report the bug.
#

---------------  S U M M A R Y ------------

Command Line: --module-path=/Users/capu/Downloads/javafx-sdk-16/lib --add-modules=javafx.controls,javafx.fxml -Djava.library.path=/Users/capu/Downloads/javafx-sdk-16/lib -javaagent:/Applications/IntelliJ IDEA.app/Contents/lib/idea_rt.jar=50940:/Applications/IntelliJ IDEA.app/Contents/bin -Dfile.encoding=UTF-8 sample.Main

Host: MacBookPro15,2 x86_64 2300 MHz, 8 cores, 8G, Darwin 20.4.0, macOS 10.16 (20E241)
Time: Mon May 10 02:07:04 2021 CEST elapsed time: 46.472068 seconds (0d 0h 0m 46s)

---------------  T H R E A D  ---------------

Current thread (0x00007f9c1307cc00):  JavaThread "QuantumRenderer-0" daemon [_thread_in_native, id=24067, stack(0x000070000c76e000,0x000070000c86e000)]

Stack: [0x000070000c76e000,0x000070000c86e000],  sp=0x000070000c86d5d0,  free space=1021k
Native frames: (J=compiled Java code, A=aot compiled Java code, j=interpreted, Vv=VM code, C=native code)
C  [libglass.dylib+0xca82]  -[GlassFrameBufferObject blitFromFBO:]+0x22
C  [libglass.dylib+0x144f3]  -[GlassOffscreen blitFromOffscreen:]+0x33
C  [libglass.dylib+0x26615]  -[GlassLayer3D flush]+0x35
C  [libglass.dylib+0x2b50d]  Java_com_sun_glass_ui_mac_MacView__1end+0xbd
j  com.sun.glass.ui.mac.MacView._end(J)V+0 javafx.graphics
j  com.sun.glass.ui.View.unlock()V+9 javafx.graphics
j  com.sun.prism.PresentableState.unlock()V+11 javafx.graphics
j  com.sun.javafx.tk.quantum.PresentingPainter.run()V+555 javafx.graphics
j  java.util.concurrent.Executors$RunnableAdapter.call()Ljava/lang/Object;+4 java.base@16.0.1
j  java.util.concurrent.FutureTask.runAndReset()Z+44 java.base@16.0.1
j  com.sun.javafx.tk.RenderJob.run()V+1 javafx.graphics
j  java.util.concurrent.ThreadPoolExecutor.runWorker(Ljava/util/concurrent/ThreadPoolExecutor$Worker;)V+92 java.base@16.0.1
j  java.util.concurrent.ThreadPoolExecutor$Worker.run()V+5 java.base@16.0.1
j  com.sun.javafx.tk.quantum.QuantumRenderer$PipelineRunnable.run()V+8 javafx.graphics
j  java.lang.Thread.run()V+11 java.base@16.0.1
v  ~StubRoutines::call_stub
V  [libjvm.dylib+0x508bf2]  JavaCalls::call_helper(JavaValue*, methodHandle const&, JavaCallArguments*, Thread*)+0x2d2
V  [libjvm.dylib+0x507c37]  JavaCalls::call_virtual(JavaValue*, Klass*, Symbol*, Symbol*, JavaCallArguments*, Thread*)+0x147
V  [libjvm.dylib+0x507d03]  JavaCalls::call_virtual(JavaValue*, Handle, Klass*, Symbol*, Symbol*, Thread*)+0x63
V  [libjvm.dylib+0x5b6844]  thread_entry(JavaThread*, Thread*)+0xb4
V  [libjvm.dylib+0xa06020]  JavaThread::thread_main_inner()+0xd0
V  [libjvm.dylib+0xa03851]  Thread::call_run()+0x71
V  [libjvm.dylib+0x892027]  thread_native_entry(Thread*)+0x157
C  [libsystem_pthread.dylib+0x6954]  _pthread_start+0xe0
C  [libsystem_pthread.dylib+0x24a7]  thread_start+0xf

Java frames: (J=compiled Java code, j=interpreted, Vv=VM code)
j  com.sun.glass.ui.mac.MacView._end(J)V+0 javafx.graphics
j  com.sun.glass.ui.View.unlock()V+9 javafx.graphics
j  com.sun.prism.PresentableState.unlock()V+11 javafx.graphics
j  com.sun.javafx.tk.quantum.PresentingPainter.run()V+555 javafx.graphics
j  java.util.concurrent.Executors$RunnableAdapter.call()Ljava/lang/Object;+4 java.base@16.0.1
j  java.util.concurrent.FutureTask.runAndReset()Z+44 java.base@16.0.1
j  com.sun.javafx.tk.RenderJob.run()V+1 javafx.graphics
j  java.util.concurrent.ThreadPoolExecutor.runWorker(Ljava/util/concurrent/ThreadPoolExecutor$Worker;)V+92 java.base@16.0.1
j  java.util.concurrent.ThreadPoolExecutor$Worker.run()V+5 java.base@16.0.1
j  com.sun.javafx.tk.quantum.QuantumRenderer$PipelineRunnable.run()V+8 javafx.graphics
j  java.lang.Thread.run()V+11 java.base@16.0.1
v  ~StubRoutines::call_stub

siginfo: si_signo: 11 (SIGSEGV), si_code: 1 (SEGV_MAPERR), si_addr: 0x0000000000000008

Register to memory mapping:

RAX=0x7cf084d1e28d00ed is an unknown value
RBX=0x00007f9c115dbfe0 points into unknown readable memory: 0x011d80013074c509 | 09 c5 74 30 01 80 1d 01
RCX=0x0000000000000001 is an unknown value
RDX=0x0 is NULL
RSP=0x000070000c86d5d0 is pointing into the stack for thread: 0x00007f9c1307cc00
RBP=0x000070000c86d5e0 is pointing into the stack for thread: 0x00007f9c1307cc00
RSI=0x0000000000008ca6 is an unknown value
RDI=0x00007f9c15621000 points into unknown readable memory: 0x0000000000000000 | 00 00 00 00 00 00 00 00
R8 =0x000070000c86d3a0 is pointing into the stack for thread: 0x00007f9c1307cc00
R9 =0x00000000000020a8 is an unknown value
R10=0x0000000000000009 is an unknown value
R11=0x00007fff6bc499f8: glGetIntegerv+0 in /System/Library/Frameworks/OpenGL.framework/Versions/A/Libraries/libGL.dylib at 0x00007fff6bc48000
R12=0x00007fff2035e800: objc_msgSend+0 in /usr/lib/libobjc.A.dylib at 0x00007fff20358000
R13={method} {0x00000001191096e8} '_end' '(J)V' in 'com/sun/glass/ui/mac/MacView'
R14=0x0 is NULL
R15=0x00007fff2035e800: objc_msgSend+0 in /usr/lib/libobjc.A.dylib at 0x00007fff20358000


Registers:
RAX=0x7cf084d1e28d00ed, RBX=0x00007f9c115dbfe0, RCX=0x0000000000000001, RDX=0x0000000000000000
RSP=0x000070000c86d5d0, RBP=0x000070000c86d5e0, RSI=0x0000000000008ca6, RDI=0x00007f9c15621000
R8 =0x000070000c86d3a0, R9 =0x00000000000020a8, R10=0x0000000000000009, R11=0x00007fff6bc499f8
R12=0x00007fff2035e800, R13=0x00000001191096e8, R14=0x0000000000000000, R15=0x00007fff2035e800
RIP=0x0000000130716a82, EFLAGS=0x0000000000010202, ERR=0x0000000000000004
  TRAPNO=0x000000000000000e

Top of Stack: (sp=0x000070000c86d5d0)
0x000070000c86d5d0:   00007f9c115e13d0 00007f9c115e0010
0x000070000c86d5e0:   000070000c86d610 000000013071e4f3
0x000070000c86d5f0:   0000000000000040 00007f9c115cb3f0
0x000070000c86d600:   00007f9c117e0bd0 0000000000000038
0x000070000c86d610:   000070000c86d640 0000000130730615
0x000070000c86d620:   00007f9c1307cf10 0000000000000000
0x000070000c86d630:   00007f9c117e0bd0 00007f9c1307cc00
0x000070000c86d640:   000070000c86d670 000000013073550d
0x000070000c86d650:   0000000130735450 00000001191096e8
0x000070000c86d660:   000070000c86d718 00007f9c1307cc00
0x000070000c86d670:   000070000c86d6e8 0000000119971c7b
0x000070000c86d680:   000070000c86d6e8 00000001199719d0
0x000070000c86d690:   000070000c86d6d0 0000000119971996
0x000070000c86d6a0:   000070000c86d6a0 00000001191096e8
0x000070000c86d6b0:   000070000c86d718 00000001355833f8
0x000070000c86d6c0:   0000000000000000 00000007800580b0
0x000070000c86d6d0:   00000001191096e8 0000000000000000
0x000070000c86d6e0:   000070000c86d708 000070000c86d768
0x000070000c86d6f0:   000000011996d449 0000000000000000
0x000070000c86d700:   000000011996f398 00007f9c117e0bd0
0x000070000c86d710:   0000000000000000 0000000786f6ddd8
0x000070000c86d720:   000070000c86d720 0000000119106809
0x000070000c86d730:   000070000c86d778 0000000135566090
0x000070000c86d740:   0000000000000000 0000000780058008
0x000070000c86d750:   0000000119106818 000070000c86d708
0x000070000c86d760:   000070000c86d778 000070000c86d7c8
0x000070000c86d770:   000000011996d449 0000000786f6ddd8
0x000070000c86d780:   000070000c86d780 00000001355818db
0x000070000c86d790:   000070000c86d7d8 0000000135581d50
0x000070000c86d7a0:   0000000000000000 0000000786f6d698
0x000070000c86d7b0:   00000001355818e8 000070000c86d778
0x000070000c86d7c0:   000070000c86d7d8 000070000c86d828 

Instructions: (pc=0x0000000130716a82)
0x0000000130716982:   01 1e 00 00 e8 39 15 02 00 bf 07 00 00 00 e8 93
0x0000000130716992:   14 02 00 8b 43 0c 0f 57 c9 f3 48 0f 2a c8 0f 57
0x00000001307169a2:   c0 e8 10 15 02 00 0f 57 c0 0f 57 c9 e8 29 15 02
0x00000001307169b2:   00 8b 43 08 0f 57 c0 f3 48 0f 2a c0 8b 43 0c 0f
0x00000001307169c2:   57 c9 f3 48 0f 2a c8 e8 ea 14 02 00 8b 43 08 0f
0x00000001307169d2:   57 c0 f3 48 0f 2a c0 0f 57 c9 e8 fb 14 02 00 8b
0x00000001307169e2:   43 08 0f 57 c0 f3 48 0f 2a c0 0f 57 c9 e8 c4 14
0x00000001307169f2:   02 00 8b 43 08 0f 57 c0 f3 48 0f 2a c0 8b 43 0c
0x0000000130716a02:   0f 57 c9 f3 48 0f 2a c8 e8 cd 14 02 00 0f 57 c0
0x0000000130716a12:   0f 57 c9 e8 9e 14 02 00 8b 43 0c 0f 57 c9 f3 48
0x0000000130716a22:   0f 2a c8 0f 57 c0 e8 af 14 02 00 e8 3e 14 02 00
0x0000000130716a32:   bf f5 84 00 00 31 f6 e8 fc 13 02 00 bf f5 84 00
0x0000000130716a42:   00 48 83 c4 08 5b 41 5e 41 5f 5d e9 12 14 02 00
0x0000000130716a52:   c3 66 2e 0f 1f 84 00 00 00 00 00 0f 1f 00 55 48
0x0000000130716a62:   89 e5 41 56 53 49 89 d6 48 89 fb 48 8d 77 18 c7
0x0000000130716a72:   47 18 00 00 00 00 bf a6 8c 00 00 e8 0c 14 02 00
0x0000000130716a82:   41 8b 56 08 41 8b 4e 0c 48 8b 35 6f 47 03 00 48
0x0000000130716a92:   89 df ff 15 de c6 02 00 8b 73 14 bf a9 8c 00 00
0x0000000130716aa2:   e8 87 13 02 00 41 8b 76 14 bf a8 8c 00 00 e8 79
0x0000000130716ab2:   13 02 00 41 8b 56 08 41 8b 4e 0c 44 8b 53 08 8b
0x0000000130716ac2:   43 0c 31 ff 31 f6 45 31 c0 45 31 c9 68 01 26 00
0x0000000130716ad2:   00 68 00 40 00 00 50 41 52 e8 60 13 02 00 48 83
0x0000000130716ae2:   c4 20 8b 73 18 bf 40 8d 00 00 5b 41 5e 5d e9 3f
0x0000000130716af2:   13 02 00 66 2e 0f 1f 84 00 00 00 00 00 90 55 48
0x0000000130716b02:   89 e5 8b 47 10 5d c3 0f 1f 80 00 00 00 00 55 48
0x0000000130716b12:   89 e5 8b 47 14 5d c3 0f 1f 80 00 00 00 00 55 48
0x0000000130716b22:   89 e5 88 57 1c 5d c3 90 90 90 90 90 90 90 55 48
0x0000000130716b32:   89 e5 41 57 41 56 41 55 41 54 53 48 81 ec 28 04
0x0000000130716b42:   00 00 48 89 cb 49 89 d7 48 8b 05 d7 c5 02 00 48
0x0000000130716b52:   8b 00 48 89 45 d0 48 89 bd b8 fb ff ff 48 8b 05
0x0000000130716b62:   c2 53 03 00 48 89 85 c0 fb ff ff 48 8b 35 d4 3f
0x0000000130716b72:   03 00 48 8d bd b8 fb ff ff e8 a4 13 02 00 49 89 


Stack slot to memory mapping:
stack at sp + 0 slots: 0x00007f9c115e13d0 points into unknown readable memory: 0x011d80013074c5f9 | f9 c5 74 30 01 80 1d 01
stack at sp + 1 slots: 0x00007f9c115e0010 points into unknown readable memory: 0x011d80013074c5f9 | f9 c5 74 30 01 80 1d 01
stack at sp + 2 slots: 0x000070000c86d610 is pointing into the stack for thread: 0x00007f9c1307cc00
stack at sp + 3 slots: 0x000000013071e4f3: -[GlassOffscreen blitFromOffscreen:]+0x33 in /Users/capu/Downloads/javafx-sdk-16/lib/libglass.dylib at 0x000000013070a000
stack at sp + 4 slots: 0x0000000000000040 is an unknown value
stack at sp + 5 slots: 0x00007f9c115cb3f0 points into unknown readable memory: 0x011d80013074c8c9 | c9 c8 74 30 01 80 1d 01
stack at sp + 6 slots: 0x00007f9c117e0bd0 points into unknown readable memory: 0x013d80013074c5af | af c5 74 30 01 80 3d 01
stack at sp + 7 slots: 0x0000000000000038 is an unknown value


---------------  P R O C E S S  ---------------

Threads class SMR info:
_java_thread_list=0x00007f9c17486ed0, length=19, elements={
0x00007f9c1300ae00, 0x00007f9c14012c00, 0x00007f9c14010a00, 0x00007f9c12857c00,
0x00007f9c14015400, 0x00007f9c14015a00, 0x00007f9c1600a400, 0x00007f9c15808c00,
0x00007f9c12857400, 0x00007f9c16015200, 0x00007f9c128c7400, 0x00007f9c16836e00,
0x00007f9c1307cc00, 0x00007f9c1406b000, 0x00007f9c1406be00, 0x00007f9c14076600,
0x00007f9c16896400, 0x00007f9c13193200, 0x00007f9c13196e00
}

Java Threads: ( => current thread )
  0x00007f9c1300ae00 JavaThread "main" [_thread_blocked, id=10243, stack(0x000070000b32f000,0x000070000b42f000)]
  0x00007f9c14012c00 JavaThread "Reference Handler" daemon [_thread_blocked, id=17923, stack(0x000070000ba44000,0x000070000bb44000)]
  0x00007f9c14010a00 JavaThread "Finalizer" daemon [_thread_blocked, id=16131, stack(0x000070000bb47000,0x000070000bc47000)]
  0x00007f9c12857c00 JavaThread "Signal Dispatcher" daemon [_thread_blocked, id=22531, stack(0x000070000bd50000,0x000070000be50000)]
  0x00007f9c14015400 JavaThread "Service Thread" daemon [_thread_blocked, id=22787, stack(0x000070000be53000,0x000070000bf53000)]
  0x00007f9c14015a00 JavaThread "Monitor Deflation Thread" daemon [_thread_blocked, id=42243, stack(0x000070000bf56000,0x000070000c056000)]
  0x00007f9c1600a400 JavaThread "C2 CompilerThread0" daemon [_thread_in_native, id=23299, stack(0x000070000c059000,0x000070000c159000)]
  0x00007f9c15808c00 JavaThread "C1 CompilerThread0" daemon [_thread_blocked, id=41731, stack(0x000070000c15c000,0x000070000c25c000)]
  0x00007f9c12857400 JavaThread "Sweeper thread" daemon [_thread_blocked, id=41219, stack(0x000070000c25f000,0x000070000c35f000)]
  0x00007f9c16015200 JavaThread "Common-Cleaner" daemon [_thread_blocked, id=40707, stack(0x000070000c362000,0x000070000c462000)]
  0x00007f9c128c7400 JavaThread "Monitor Ctrl-Break" daemon [_thread_in_native, id=40195, stack(0x000070000c465000,0x000070000c565000)]
  0x00007f9c16836e00 JavaThread "Notification Thread" daemon [_thread_blocked, id=39939, stack(0x000070000c568000,0x000070000c668000)]
=>0x00007f9c1307cc00 JavaThread "QuantumRenderer-0" daemon [_thread_in_native, id=24067, stack(0x000070000c76e000,0x000070000c86e000)]
  0x00007f9c1406b000 JavaThread "InvokeLaterDispatcher" daemon [_thread_blocked, id=26895, stack(0x000070000c871000,0x000070000c971000)]
  0x00007f9c1406be00 JavaThread "JavaFX Application Thread" [_thread_in_native, id=259, stack(0x00007ffee3ed0000,0x00007ffee46d0000)]
  0x00007f9c14076600 JavaThread "Attach Listener" daemon [_thread_blocked, id=46091, stack(0x000070000c9f7000,0x000070000caf7000)]
  0x00007f9c16896400 JavaThread "JavaFX-Launcher" [_thread_blocked, id=51731, stack(0x000070000cafa000,0x000070000cbfa000)]
  0x00007f9c13193200 JavaThread "PulseTimer-CVDisplayLink thread" daemon [_thread_in_native, id=32267, stack(0x000070000bccd000,0x000070000bd4d000)]
  0x00007f9c13196e00 JavaThread "Prism Font Disposer" daemon [_thread_blocked, id=71495, stack(0x000070000d18f000,0x000070000d28f000)]

Other Threads:
  0x00007f9c116223a0 VMThread "VM Thread" [stack: 0x000070000b941000,0x000070000ba41000] [id=15107]
  0x00007f9c13c25480 WatcherThread [stack: 0x000070000c66b000,0x000070000c76b000] [id=39427]
  0x00007f9c11718540 GCTaskThread "GC Thread#0" [stack: 0x000070000b432000,0x000070000b532000] [id=12291]
  0x00007f9c13b9d900 GCTaskThread "GC Thread#1" [stack: 0x000070000cc80000,0x000070000cd80000] [id=59915]
  0x00007f9c1158b1c0 GCTaskThread "GC Thread#2" [stack: 0x000070000cd83000,0x000070000ce83000] [id=60427]
  0x00007f9c1158bbe0 GCTaskThread "GC Thread#3" [stack: 0x000070000ce86000,0x000070000cf86000] [id=75267]
  0x00007f9c1158c5f0 GCTaskThread "GC Thread#4" [stack: 0x000070000cf89000,0x000070000d089000] [id=74755]
  0x00007f9c1158d040 GCTaskThread "GC Thread#5" [stack: 0x000070000d08c000,0x000070000d18c000] [id=74243]
  0x00007f9c117194d0 ConcurrentGCThread "G1 Main Marker" [stack: 0x000070000b535000,0x000070000b635000] [id=12803]
  0x00007f9c1171a3e0 ConcurrentGCThread "G1 Conc#0" [stack: 0x000070000b638000,0x000070000b738000] [id=19459]
  0x00007f9c117245e0 ConcurrentGCThread "G1 Refine#0" [stack: 0x000070000b73b000,0x000070000b83b000] [id=14083]
  0x00007f9c11725470 ConcurrentGCThread "G1 Service" [stack: 0x000070000b83e000,0x000070000b93e000] [id=19203]

Threads with active compile tasks:
C2 CompilerThread0    46484 1500       4       java.lang.invoke.MethodType::makeImpl (108 bytes)

VM simpleState: not at safepoint (normal execution)

VM Mutex/Monitor currently owned by a thread: None

Heap address: 0x0000000780000000, size: 2048 MB, Compressed Oops mode: Zero based, Oop shift amount: 3

CDS archive(s) mapped at: [0x0000000800000000-0x0000000800bb9000-0x0000000800bb9000), size 12292096, SharedBaseAddress: 0x0000000800000000, ArchiveRelocationMode: 0.
Compressed class space mapped at: 0x0000000800c00000-0x0000000840c00000, reserved size: 1073741824
Narrow klass base: 0x0000000800000000, Narrow klass shift: 3, Narrow klass range: 0x100000000

GC Precious Log:
 CPUs: 8 total, 8 available
 Memory: 8192M
 Large Page Support: Disabled
 NUMA Support: Disabled
 Compressed Oops: Enabled (Zero based)
 Heap Region Size: 1M
 Heap Min Capacity: 8M
 Heap Initial Capacity: 128M
 Heap Max Capacity: 2G
 Pre-touch: Disabled
 Parallel Workers: 8
 Concurrent Workers: 2
 Concurrent Refinement Workers: 8
 Periodic GC: Disabled

Heap:
 garbage-first heap   total 133120K, used 37663K [0x0000000780000000, 0x0000000800000000)
  region size 1024K, 37 young (37888K), 3 survivors (3072K)
 Metaspace       used 14321K, committed 14592K, reserved 1064960K
  class space    used 2199K, committed 2368K, reserved 1048576K

Heap Regions: E=young(eden), S=young(survivor), O=old, HS=humongous(starts), HC=humongous(continues), CS=collection set, F=free, OA=open archive, CA=closed archive, TAMS=top-at-mark-start (previous, next)
|   0|0x0000000780000000, 0x00000007800d5c00, 0x0000000780100000| 83%| O|  |TAMS 0x0000000780000000, 0x0000000780000000| Untracked 
|   1|0x0000000780100000, 0x0000000780100000, 0x0000000780200000|  0%| F|  |TAMS 0x0000000780100000, 0x0000000780100000| Untracked 
|   2|0x0000000780200000, 0x0000000780200000, 0x0000000780300000|  0%| F|  |TAMS 0x0000000780200000, 0x0000000780200000| Untracked 
|   3|0x0000000780300000, 0x0000000780300000, 0x0000000780400000|  0%| F|  |TAMS 0x0000000780300000, 0x0000000780300000| Untracked 
|   4|0x0000000780400000, 0x0000000780400000, 0x0000000780500000|  0%| F|  |TAMS 0x0000000780400000, 0x0000000780400000| Untracked 
|   5|0x0000000780500000, 0x0000000780500000, 0x0000000780600000|  0%| F|  |TAMS 0x0000000780500000, 0x0000000780500000| Untracked 
|   6|0x0000000780600000, 0x0000000780600000, 0x0000000780700000|  0%| F|  |TAMS 0x0000000780600000, 0x0000000780600000| Untracked 
|   7|0x0000000780700000, 0x0000000780700000, 0x0000000780800000|  0%| F|  |TAMS 0x0000000780700000, 0x0000000780700000| Untracked 
|   8|0x0000000780800000, 0x0000000780800000, 0x0000000780900000|  0%| F|  |TAMS 0x0000000780800000, 0x0000000780800000| Untracked 
|   9|0x0000000780900000, 0x0000000780900000, 0x0000000780a00000|  0%| F|  |TAMS 0x0000000780900000, 0x0000000780900000| Untracked 
|  10|0x0000000780a00000, 0x0000000780a00000, 0x0000000780b00000|  0%| F|  |TAMS 0x0000000780a00000, 0x0000000780a00000| Untracked 
|  11|0x0000000780b00000, 0x0000000780b00000, 0x0000000780c00000|  0%| F|  |TAMS 0x0000000780b00000, 0x0000000780b00000| Untracked 
|  12|0x0000000780c00000, 0x0000000780c00000, 0x0000000780d00000|  0%| F|  |TAMS 0x0000000780c00000, 0x0000000780c00000| Untracked 
|  13|0x0000000780d00000, 0x0000000780d00000, 0x0000000780e00000|  0%| F|  |TAMS 0x0000000780d00000, 0x0000000780d00000| Untracked 
|  14|0x0000000780e00000, 0x0000000780e00000, 0x0000000780f00000|  0%| F|  |TAMS 0x0000000780e00000, 0x0000000780e00000| Untracked 
|  15|0x0000000780f00000, 0x0000000780f00000, 0x0000000781000000|  0%| F|  |TAMS 0x0000000780f00000, 0x0000000780f00000| Untracked 
|  16|0x0000000781000000, 0x0000000781000000, 0x0000000781100000|  0%| F|  |TAMS 0x0000000781000000, 0x0000000781000000| Untracked 
|  17|0x0000000781100000, 0x0000000781100000, 0x0000000781200000|  0%| F|  |TAMS 0x0000000781100000, 0x0000000781100000| Untracked 
|  18|0x0000000781200000, 0x0000000781200000, 0x0000000781300000|  0%| F|  |TAMS 0x0000000781200000, 0x0000000781200000| Untracked 
|  19|0x0000000781300000, 0x0000000781300000, 0x0000000781400000|  0%| F|  |TAMS 0x0000000781300000, 0x0000000781300000| Untracked 
|  20|0x0000000781400000, 0x0000000781400000, 0x0000000781500000|  0%| F|  |TAMS 0x0000000781400000, 0x0000000781400000| Untracked 
|  21|0x0000000781500000, 0x0000000781500000, 0x0000000781600000|  0%| F|  |TAMS 0x0000000781500000, 0x0000000781500000| Untracked 
|  22|0x0000000781600000, 0x0000000781600000, 0x0000000781700000|  0%| F|  |TAMS 0x0000000781600000, 0x0000000781600000| Untracked 
|  23|0x0000000781700000, 0x0000000781700000, 0x0000000781800000|  0%| F|  |TAMS 0x0000000781700000, 0x0000000781700000| Untracked 
|  24|0x0000000781800000, 0x0000000781800000, 0x0000000781900000|  0%| F|  |TAMS 0x0000000781800000, 0x0000000781800000| Untracked 
|  25|0x0000000781900000, 0x0000000781900000, 0x0000000781a00000|  0%| F|  |TAMS 0x0000000781900000, 0x0000000781900000| Untracked 
|  26|0x0000000781a00000, 0x0000000781a00000, 0x0000000781b00000|  0%| F|  |TAMS 0x0000000781a00000, 0x0000000781a00000| Untracked 
|  27|0x0000000781b00000, 0x0000000781b00000, 0x0000000781c00000|  0%| F|  |TAMS 0x0000000781b00000, 0x0000000781b00000| Untracked 
|  28|0x0000000781c00000, 0x0000000781c00000, 0x0000000781d00000|  0%| F|  |TAMS 0x0000000781c00000, 0x0000000781c00000| Untracked 
|  29|0x0000000781d00000, 0x0000000781d00000, 0x0000000781e00000|  0%| F|  |TAMS 0x0000000781d00000, 0x0000000781d00000| Untracked 
|  30|0x0000000781e00000, 0x0000000781e00000, 0x0000000781f00000|  0%| F|  |TAMS 0x0000000781e00000, 0x0000000781e00000| Untracked 
|  31|0x0000000781f00000, 0x0000000781f00000, 0x0000000782000000|  0%| F|  |TAMS 0x0000000781f00000, 0x0000000781f00000| Untracked 
|  32|0x0000000782000000, 0x0000000782000000, 0x0000000782100000|  0%| F|  |TAMS 0x0000000782000000, 0x0000000782000000| Untracked 
|  33|0x0000000782100000, 0x0000000782100000, 0x0000000782200000|  0%| F|  |TAMS 0x0000000782100000, 0x0000000782100000| Untracked 
|  34|0x0000000782200000, 0x0000000782200000, 0x0000000782300000|  0%| F|  |TAMS 0x0000000782200000, 0x0000000782200000| Untracked 
|  35|0x0000000782300000, 0x0000000782300000, 0x0000000782400000|  0%| F|  |TAMS 0x0000000782300000, 0x0000000782300000| Untracked 
|  36|0x0000000782400000, 0x0000000782400000, 0x0000000782500000|  0%| F|  |TAMS 0x0000000782400000, 0x0000000782400000| Untracked 
|  37|0x0000000782500000, 0x0000000782500000, 0x0000000782600000|  0%| F|  |TAMS 0x0000000782500000, 0x0000000782500000| Untracked 
|  38|0x0000000782600000, 0x0000000782600000, 0x0000000782700000|  0%| F|  |TAMS 0x0000000782600000, 0x0000000782600000| Untracked 
|  39|0x0000000782700000, 0x0000000782700000, 0x0000000782800000|  0%| F|  |TAMS 0x0000000782700000, 0x0000000782700000| Untracked 
|  40|0x0000000782800000, 0x0000000782800000, 0x0000000782900000|  0%| F|  |TAMS 0x0000000782800000, 0x0000000782800000| Untracked 
|  41|0x0000000782900000, 0x0000000782900000, 0x0000000782a00000|  0%| F|  |TAMS 0x0000000782900000, 0x0000000782900000| Untracked 
|  42|0x0000000782a00000, 0x0000000782a00000, 0x0000000782b00000|  0%| F|  |TAMS 0x0000000782a00000, 0x0000000782a00000| Untracked 
|  43|0x0000000782b00000, 0x0000000782b00000, 0x0000000782c00000|  0%| F|  |TAMS 0x0000000782b00000, 0x0000000782b00000| Untracked 
|  44|0x0000000782c00000, 0x0000000782c00000, 0x0000000782d00000|  0%| F|  |TAMS 0x0000000782c00000, 0x0000000782c00000| Untracked 
|  45|0x0000000782d00000, 0x0000000782d00000, 0x0000000782e00000|  0%| F|  |TAMS 0x0000000782d00000, 0x0000000782d00000| Untracked 
|  46|0x0000000782e00000, 0x0000000782e00000, 0x0000000782f00000|  0%| F|  |TAMS 0x0000000782e00000, 0x0000000782e00000| Untracked 
|  47|0x0000000782f00000, 0x0000000782f00000, 0x0000000783000000|  0%| F|  |TAMS 0x0000000782f00000, 0x0000000782f00000| Untracked 
|  48|0x0000000783000000, 0x0000000783000000, 0x0000000783100000|  0%| F|  |TAMS 0x0000000783000000, 0x0000000783000000| Untracked 
|  49|0x0000000783100000, 0x0000000783100000, 0x0000000783200000|  0%| F|  |TAMS 0x0000000783100000, 0x0000000783100000| Untracked 
|  50|0x0000000783200000, 0x0000000783200000, 0x0000000783300000|  0%| F|  |TAMS 0x0000000783200000, 0x0000000783200000| Untracked 
|  51|0x0000000783300000, 0x0000000783300000, 0x0000000783400000|  0%| F|  |TAMS 0x0000000783300000, 0x0000000783300000| Untracked 
|  52|0x0000000783400000, 0x0000000783400000, 0x0000000783500000|  0%| F|  |TAMS 0x0000000783400000, 0x0000000783400000| Untracked 
|  53|0x0000000783500000, 0x0000000783500000, 0x0000000783600000|  0%| F|  |TAMS 0x0000000783500000, 0x0000000783500000| Untracked 
|  54|0x0000000783600000, 0x0000000783600000, 0x0000000783700000|  0%| F|  |TAMS 0x0000000783600000, 0x0000000783600000| Untracked 
|  55|0x0000000783700000, 0x0000000783700000, 0x0000000783800000|  0%| F|  |TAMS 0x0000000783700000, 0x0000000783700000| Untracked 
|  56|0x0000000783800000, 0x0000000783800000, 0x0000000783900000|  0%| F|  |TAMS 0x0000000783800000, 0x0000000783800000| Untracked 
|  57|0x0000000783900000, 0x0000000783900000, 0x0000000783a00000|  0%| F|  |TAMS 0x0000000783900000, 0x0000000783900000| Untracked 
|  58|0x0000000783a00000, 0x0000000783a00000, 0x0000000783b00000|  0%| F|  |TAMS 0x0000000783a00000, 0x0000000783a00000| Untracked 
|  59|0x0000000783b00000, 0x0000000783b00000, 0x0000000783c00000|  0%| F|  |TAMS 0x0000000783b00000, 0x0000000783b00000| Untracked 
|  60|0x0000000783c00000, 0x0000000783c00000, 0x0000000783d00000|  0%| F|  |TAMS 0x0000000783c00000, 0x0000000783c00000| Untracked 
|  61|0x0000000783d00000, 0x0000000783d00000, 0x0000000783e00000|  0%| F|  |TAMS 0x0000000783d00000, 0x0000000783d00000| Untracked 
|  62|0x0000000783e00000, 0x0000000783e00000, 0x0000000783f00000|  0%| F|  |TAMS 0x0000000783e00000, 0x0000000783e00000| Untracked 
|  63|0x0000000783f00000, 0x0000000783f00000, 0x0000000784000000|  0%| F|  |TAMS 0x0000000783f00000, 0x0000000783f00000| Untracked 
|  64|0x0000000784000000, 0x0000000784000000, 0x0000000784100000|  0%| F|  |TAMS 0x0000000784000000, 0x0000000784000000| Untracked 
|  65|0x0000000784100000, 0x0000000784100000, 0x0000000784200000|  0%| F|  |TAMS 0x0000000784100000, 0x0000000784100000| Untracked 
|  66|0x0000000784200000, 0x0000000784200000, 0x0000000784300000|  0%| F|  |TAMS 0x0000000784200000, 0x0000000784200000| Untracked 
|  67|0x0000000784300000, 0x0000000784300000, 0x0000000784400000|  0%| F|  |TAMS 0x0000000784300000, 0x0000000784300000| Untracked 
|  68|0x0000000784400000, 0x0000000784400000, 0x0000000784500000|  0%| F|  |TAMS 0x0000000784400000, 0x0000000784400000| Untracked 
|  69|0x0000000784500000, 0x0000000784500000, 0x0000000784600000|  0%| F|  |TAMS 0x0000000784500000, 0x0000000784500000| Untracked 
|  70|0x0000000784600000, 0x0000000784600000, 0x0000000784700000|  0%| F|  |TAMS 0x0000000784600000, 0x0000000784600000| Untracked 
|  71|0x0000000784700000, 0x0000000784700000, 0x0000000784800000|  0%| F|  |TAMS 0x0000000784700000, 0x0000000784700000| Untracked 
|  72|0x0000000784800000, 0x0000000784800000, 0x0000000784900000|  0%| F|  |TAMS 0x0000000784800000, 0x0000000784800000| Untracked 
|  73|0x0000000784900000, 0x0000000784900000, 0x0000000784a00000|  0%| F|  |TAMS 0x0000000784900000, 0x0000000784900000| Untracked 
|  74|0x0000000784a00000, 0x0000000784a00000, 0x0000000784b00000|  0%| F|  |TAMS 0x0000000784a00000, 0x0000000784a00000| Untracked 
|  75|0x0000000784b00000, 0x0000000784b00000, 0x0000000784c00000|  0%| F|  |TAMS 0x0000000784b00000, 0x0000000784b00000| Untracked 
|  76|0x0000000784c00000, 0x0000000784c00000, 0x0000000784d00000|  0%| F|  |TAMS 0x0000000784c00000, 0x0000000784c00000| Untracked 
|  77|0x0000000784d00000, 0x0000000784d00000, 0x0000000784e00000|  0%| F|  |TAMS 0x0000000784d00000, 0x0000000784d00000| Untracked 
|  78|0x0000000784e00000, 0x0000000784e00000, 0x0000000784f00000|  0%| F|  |TAMS 0x0000000784e00000, 0x0000000784e00000| Untracked 
|  79|0x0000000784f00000, 0x0000000784f00000, 0x0000000785000000|  0%| F|  |TAMS 0x0000000784f00000, 0x0000000784f00000| Untracked 
|  80|0x0000000785000000, 0x0000000785000000, 0x0000000785100000|  0%| F|  |TAMS 0x0000000785000000, 0x0000000785000000| Untracked 
|  81|0x0000000785100000, 0x0000000785100000, 0x0000000785200000|  0%| F|  |TAMS 0x0000000785100000, 0x0000000785100000| Untracked 
|  82|0x0000000785200000, 0x0000000785200000, 0x0000000785300000|  0%| F|  |TAMS 0x0000000785200000, 0x0000000785200000| Untracked 
|  83|0x0000000785300000, 0x0000000785300000, 0x0000000785400000|  0%| F|  |TAMS 0x0000000785300000, 0x0000000785300000| Untracked 
|  84|0x0000000785400000, 0x0000000785400000, 0x0000000785500000|  0%| F|  |TAMS 0x0000000785400000, 0x0000000785400000| Untracked 
|  85|0x0000000785500000, 0x0000000785500000, 0x0000000785600000|  0%| F|  |TAMS 0x0000000785500000, 0x0000000785500000| Untracked 
|  86|0x0000000785600000, 0x0000000785600000, 0x0000000785700000|  0%| F|  |TAMS 0x0000000785600000, 0x0000000785600000| Untracked 
|  87|0x0000000785700000, 0x0000000785700000, 0x0000000785800000|  0%| F|  |TAMS 0x0000000785700000, 0x0000000785700000| Untracked 
|  88|0x0000000785800000, 0x0000000785800000, 0x0000000785900000|  0%| F|  |TAMS 0x0000000785800000, 0x0000000785800000| Untracked 
|  89|0x0000000785900000, 0x0000000785900000, 0x0000000785a00000|  0%| F|  |TAMS 0x0000000785900000, 0x0000000785900000| Untracked 
|  90|0x0000000785a00000, 0x0000000785a00000, 0x0000000785b00000|  0%| F|  |TAMS 0x0000000785a00000, 0x0000000785a00000| Untracked 
|  91|0x0000000785b00000, 0x0000000785b73348, 0x0000000785c00000| 45%| E|  |TAMS 0x0000000785b00000, 0x0000000785b00000| Complete 
|  92|0x0000000785c00000, 0x0000000785d00000, 0x0000000785d00000|100%| E|CS|TAMS 0x0000000785c00000, 0x0000000785c00000| Complete 
|  93|0x0000000785d00000, 0x0000000785e00000, 0x0000000785e00000|100%| E|CS|TAMS 0x0000000785d00000, 0x0000000785d00000| Complete 
|  94|0x0000000785e00000, 0x0000000785f00000, 0x0000000785f00000|100%| E|CS|TAMS 0x0000000785e00000, 0x0000000785e00000| Complete 
|  95|0x0000000785f00000, 0x0000000786000000, 0x0000000786000000|100%| E|CS|TAMS 0x0000000785f00000, 0x0000000785f00000| Complete 
|  96|0x0000000786000000, 0x0000000786100000, 0x0000000786100000|100%| E|CS|TAMS 0x0000000786000000, 0x0000000786000000| Complete 
|  97|0x0000000786100000, 0x0000000786200000, 0x0000000786200000|100%| E|  |TAMS 0x0000000786100000, 0x0000000786100000| Complete 
|  98|0x0000000786200000, 0x0000000786300000, 0x0000000786300000|100%| E|CS|TAMS 0x0000000786200000, 0x0000000786200000| Complete 
|  99|0x0000000786300000, 0x0000000786400000, 0x0000000786400000|100%| E|CS|TAMS 0x0000000786300000, 0x0000000786300000| Complete 
| 100|0x0000000786400000, 0x0000000786500000, 0x0000000786500000|100%| E|CS|TAMS 0x0000000786400000, 0x0000000786400000| Complete 
| 101|0x0000000786500000, 0x0000000786600000, 0x0000000786600000|100%| E|CS|TAMS 0x0000000786500000, 0x0000000786500000| Complete 
| 102|0x0000000786600000, 0x0000000786700000, 0x0000000786700000|100%| S|CS|TAMS 0x0000000786600000, 0x0000000786600000| Complete 
| 103|0x0000000786700000, 0x0000000786800000, 0x0000000786800000|100%| S|CS|TAMS 0x0000000786700000, 0x0000000786700000| Complete 
| 104|0x0000000786800000, 0x0000000786900000, 0x0000000786900000|100%| S|CS|TAMS 0x0000000786800000, 0x0000000786800000| Complete 
| 105|0x0000000786900000, 0x0000000786a00000, 0x0000000786a00000|100%| E|CS|TAMS 0x0000000786900000, 0x0000000786900000| Complete 
| 106|0x0000000786a00000, 0x0000000786b00000, 0x0000000786b00000|100%| E|CS|TAMS 0x0000000786a00000, 0x0000000786a00000| Complete 
| 107|0x0000000786b00000, 0x0000000786c00000, 0x0000000786c00000|100%| E|CS|TAMS 0x0000000786b00000, 0x0000000786b00000| Complete 
| 108|0x0000000786c00000, 0x0000000786d00000, 0x0000000786d00000|100%| E|CS|TAMS 0x0000000786c00000, 0x0000000786c00000| Complete 
| 109|0x0000000786d00000, 0x0000000786e00000, 0x0000000786e00000|100%| E|CS|TAMS 0x0000000786d00000, 0x0000000786d00000| Complete 
| 110|0x0000000786e00000, 0x0000000786f00000, 0x0000000786f00000|100%| E|CS|TAMS 0x0000000786e00000, 0x0000000786e00000| Complete 
| 111|0x0000000786f00000, 0x0000000787000000, 0x0000000787000000|100%| E|CS|TAMS 0x0000000786f00000, 0x0000000786f00000| Complete 
| 112|0x0000000787000000, 0x0000000787100000, 0x0000000787100000|100%| E|CS|TAMS 0x0000000787000000, 0x0000000787000000| Complete 
| 113|0x0000000787100000, 0x0000000787200000, 0x0000000787200000|100%| E|CS|TAMS 0x0000000787100000, 0x0000000787100000| Complete 
| 114|0x0000000787200000, 0x0000000787300000, 0x0000000787300000|100%| E|CS|TAMS 0x0000000787200000, 0x0000000787200000| Complete 
| 115|0x0000000787300000, 0x0000000787400000, 0x0000000787400000|100%| E|CS|TAMS 0x0000000787300000, 0x0000000787300000| Complete 
| 116|0x0000000787400000, 0x0000000787500000, 0x0000000787500000|100%| E|CS|TAMS 0x0000000787400000, 0x0000000787400000| Complete 
| 117|0x0000000787500000, 0x0000000787600000, 0x0000000787600000|100%| E|CS|TAMS 0x0000000787500000, 0x0000000787500000| Complete 
| 118|0x0000000787600000, 0x0000000787700000, 0x0000000787700000|100%| E|CS|TAMS 0x0000000787600000, 0x0000000787600000| Complete 
| 119|0x0000000787700000, 0x0000000787800000, 0x0000000787800000|100%| E|CS|TAMS 0x0000000787700000, 0x0000000787700000| Complete 
| 120|0x0000000787800000, 0x0000000787900000, 0x0000000787900000|100%| E|CS|TAMS 0x0000000787800000, 0x0000000787800000| Complete 
| 121|0x0000000787900000, 0x0000000787a00000, 0x0000000787a00000|100%| E|CS|TAMS 0x0000000787900000, 0x0000000787900000| Complete 
| 122|0x0000000787a00000, 0x0000000787b00000, 0x0000000787b00000|100%| E|CS|TAMS 0x0000000787a00000, 0x0000000787a00000| Complete 
| 123|0x0000000787b00000, 0x0000000787c00000, 0x0000000787c00000|100%| E|CS|TAMS 0x0000000787b00000, 0x0000000787b00000| Complete 
| 124|0x0000000787c00000, 0x0000000787d00000, 0x0000000787d00000|100%| E|CS|TAMS 0x0000000787c00000, 0x0000000787c00000| Complete 
| 125|0x0000000787d00000, 0x0000000787e00000, 0x0000000787e00000|100%| E|CS|TAMS 0x0000000787d00000, 0x0000000787d00000| Complete 
| 126|0x0000000787e00000, 0x0000000787f00000, 0x0000000787f00000|100%| E|CS|TAMS 0x0000000787e00000, 0x0000000787e00000| Complete 
| 127|0x0000000787f00000, 0x0000000788000000, 0x0000000788000000|100%| E|CS|TAMS 0x0000000787f00000, 0x0000000787f00000| Complete 
|1022|0x00000007bfe00000, 0x00000007bfe75000, 0x00000007bff00000| 45%|OA|  |TAMS 0x00000007bfe00000, 0x00000007bfe00000| Untracked 
|1023|0x00000007bff00000, 0x00000007bff7d000, 0x00000007c0000000| 48%|CA|  |TAMS 0x00000007bff00000, 0x00000007bff00000| Untracked 

Card table byte_map: [0x00000001182bc000,0x00000001186bc000] _byte_map_base: 0x00000001146bc000

Marking Bits (Prev, Next): (CMBitMap*) 0x00007f9c13030210, (CMBitMap*) 0x00007f9c13030250
 Prev Bits: [0x0000000128964000, 0x000000012a964000)
 Next Bits: [0x000000012a964000, 0x000000012c964000)

Polling page: 0x000000010b53c000

Metaspace:

Usage:
  Non-class:     11.84 MB used.
      Class:      2.15 MB used.
       Both:     13.99 MB used.

Virtual space:
  Non-class space:       16.00 MB reserved,      11.94 MB ( 75%) committed,  2 nodes.
      Class space:        1.00 GB reserved,       2.31 MB ( <1%) committed,  1 nodes.
              Both:        1.02 GB reserved,      14.25 MB (  1%) committed. 

Chunk freelists:
   Non-Class:  3.60 MB
       Class:  1.62 MB
        Both:  5.22 MB

MaxMetaspaceSize: 17179869184.00 GB
CompressedClassSpaceSize: 1.00 GB
 - commit_granule_bytes: 65536.
 - commit_granule_words: 8192.
 - virtual_space_node_default_size: 1048576.
 - enlarge_chunks_in_place: 1.
 - new_chunks_are_fully_committed: 0.
 - uncommit_free_chunks: 1.
 - use_allocation_guard: 0.
 - handle_deallocations: 1.


Internal statistics:

num_allocs_failed_limit: 0.
num_arena_births: 184.
num_arena_deaths: 0.
num_vsnodes_births: 3.
num_vsnodes_deaths: 0.
num_space_committed: 228.
num_space_uncommitted: 0.
num_chunks_returned_to_freelist: 0.
num_chunks_taken_from_freelist: 654.
num_chunk_merges: 0.
num_chunk_splits: 453.
num_chunks_enlarged: 351.
num_purges: 0.

CodeHeap 'non-profiled nmethods': size=120028Kb used=495Kb max_used=495Kb free=119532Kb
 bounds [0x000000012142d000, 0x000000012169d000, 0x0000000128964000]
CodeHeap 'profiled nmethods': size=120028Kb used=3164Kb max_used=3164Kb free=116863Kb
 bounds [0x0000000119ef6000, 0x000000011a216000, 0x000000012142d000]
CodeHeap 'non-nmethods': size=5704Kb used=1394Kb max_used=1394Kb free=4309Kb
 bounds [0x0000000119964000, 0x0000000119bd4000, 0x0000000119ef6000]
 total_blobs=2482 nmethods=1735 adapters=660
 compilation: enabled
              stopped_count=0, restarted_count=0
 full_count=0

Compilation events (20 events):
Event: 46.461 Thread 0x00007f9c15808c00 1739   !   3       jdk.internal.reflect.ReflectionFactory::checkInitted (100 bytes)
Event: 46.462 Thread 0x00007f9c15808c00 nmethod 1739 0x000000011a209110 code [0x000000011a209420, 0x000000011a20a320]
Event: 46.462 Thread 0x00007f9c15808c00 1740       3       java.lang.reflect.ReflectAccess::getRoot (5 bytes)
Event: 46.462 Thread 0x00007f9c15808c00 nmethod 1740 0x000000011a20a790 code [0x000000011a20a940, 0x000000011a20ab20]
Event: 46.463 Thread 0x00007f9c15808c00 1744       1       java.lang.AbstractStringBuilder::length (5 bytes)
Event: 46.463 Thread 0x00007f9c15808c00 nmethod 1744 0x00000001214a8c90 code [0x00000001214a8e20, 0x00000001214a8ef0]
Event: 46.464 Thread 0x00007f9c15808c00 1745       3       java.lang.invoke.LambdaFormBuffer::changeName (149 bytes)
Event: 46.465 Thread 0x00007f9c15808c00 nmethod 1745 0x000000011a20ac10 code [0x000000011a20ade0, 0x000000011a20b340]
Event: 46.468 Thread 0x00007f9c15808c00 1746       3       java.nio.charset.CoderResult::isUnderflow (13 bytes)
Event: 46.468 Thread 0x00007f9c15808c00 nmethod 1746 0x000000011a20b510 code [0x000000011a20b6a0, 0x000000011a20b810]
Event: 46.468 Thread 0x00007f9c15808c00 1747       3       java.lang.String::getChars (54 bytes)
Event: 46.468 Thread 0x00007f9c15808c00 nmethod 1747 0x000000011a20b890 code [0x000000011a20baa0, 0x000000011a20bf10]
Event: 46.468 Thread 0x00007f9c15808c00 1748       3       java.lang.StringLatin1::getChars (12 bytes)
Event: 46.468 Thread 0x00007f9c15808c00 nmethod 1748 0x000000011a20c110 code [0x000000011a20c2c0, 0x000000011a20c3e0]
Event: 46.468 Thread 0x00007f9c15808c00 1749       3       java.nio.CharBuffer::arrayOffset (35 bytes)
Event: 46.468 Thread 0x00007f9c15808c00 nmethod 1749 0x000000011a20c490 code [0x000000011a20c660, 0x000000011a20c930]
Event: 46.468 Thread 0x00007f9c15808c00 1750       3       jdk.internal.misc.VM::isModuleSystemInited (13 bytes)
Event: 46.469 Thread 0x00007f9c15808c00 nmethod 1750 0x000000011a20ca90 code [0x000000011a20cc40, 0x000000011a20cdf0]
Event: 46.469 Thread 0x00007f9c15808c00 1751       3       java.io.BufferedWriter::ensureOpen (18 bytes)
Event: 46.469 Thread 0x00007f9c15808c00 nmethod 1751 0x000000011a20ce90 code [0x000000011a20d040, 0x000000011a20d260]

GC Heap History (2 events):
Event: 30.641 GC heap before
{Heap before GC invocations=0 (full 0):
 garbage-first heap   total 133120K, used 23496K [0x0000000780000000, 0x0000000800000000)
  region size 1024K, 23 young (23552K), 0 survivors (0K)
 Metaspace       used 5835K, committed 6016K, reserved 1056768K
  class space    used 656K, committed 768K, reserved 1048576K
}
Event: 30.644 GC heap after
{Heap after GC invocations=1 (full 0):
 garbage-first heap   total 133120K, used 4895K [0x0000000780000000, 0x0000000800000000)
  region size 1024K, 3 young (3072K), 3 survivors (3072K)
 Metaspace       used 5835K, committed 6016K, reserved 1056768K
  class space    used 656K, committed 768K, reserved 1048576K
}

Deoptimization events (20 events):
Event: 46.260 Thread 0x00007f9c1406be00 Uncommon trap: trap_request=0xffffffc6 fr.pc=0x0000000121482f68 relative=0x0000000000000588
Event: 46.260 Thread 0x00007f9c1406be00 Uncommon trap: reason=bimorphic_or_optimized_type_check action=maybe_recompile pc=0x0000000121482f68 method=java.util.concurrent.ConcurrentHashMap.get(Ljava/lang/Object;)Ljava/lang/Object; @ 149 c2
Event: 46.260 Thread 0x00007f9c1406be00 DEOPT PACKING pc=0x0000000121482f68 sp=0x00007ffee46ca300
Event: 46.260 Thread 0x00007f9c1406be00 DEOPT UNPACKING pc=0x00000001199b1424 sp=0x00007ffee46ca2a0 mode 2
Event: 46.260 Thread 0x00007f9c1406be00 Uncommon trap: trap_request=0xffffffc6 fr.pc=0x0000000121482f68 relative=0x0000000000000588
Event: 46.260 Thread 0x00007f9c1406be00 Uncommon trap: reason=bimorphic_or_optimized_type_check action=maybe_recompile pc=0x0000000121482f68 method=java.util.concurrent.ConcurrentHashMap.get(Ljava/lang/Object;)Ljava/lang/Object; @ 149 c2
Event: 46.260 Thread 0x00007f9c1406be00 DEOPT PACKING pc=0x0000000121482f68 sp=0x00007ffee46ca330
Event: 46.260 Thread 0x00007f9c1406be00 DEOPT UNPACKING pc=0x00000001199b1424 sp=0x00007ffee46ca2d0 mode 2
Event: 46.374 Thread 0x00007f9c1406be00 Uncommon trap: trap_request=0xffffffc6 fr.pc=0x0000000121482f68 relative=0x0000000000000588
Event: 46.374 Thread 0x00007f9c1406be00 Uncommon trap: reason=bimorphic_or_optimized_type_check action=maybe_recompile pc=0x0000000121482f68 method=java.util.concurrent.ConcurrentHashMap.get(Ljava/lang/Object;)Ljava/lang/Object; @ 149 c2
Event: 46.374 Thread 0x00007f9c1406be00 DEOPT PACKING pc=0x0000000121482f68 sp=0x00007ffee46ca280
Event: 46.374 Thread 0x00007f9c1406be00 DEOPT UNPACKING pc=0x00000001199b1424 sp=0x00007ffee46ca220 mode 2
Event: 46.374 Thread 0x00007f9c1406be00 Uncommon trap: trap_request=0xffffffc6 fr.pc=0x0000000121482f68 relative=0x0000000000000588
Event: 46.374 Thread 0x00007f9c1406be00 Uncommon trap: reason=bimorphic_or_optimized_type_check action=maybe_recompile pc=0x0000000121482f68 method=java.util.concurrent.ConcurrentHashMap.get(Ljava/lang/Object;)Ljava/lang/Object; @ 149 c2
Event: 46.374 Thread 0x00007f9c1406be00 DEOPT PACKING pc=0x0000000121482f68 sp=0x00007ffee46ca300
Event: 46.374 Thread 0x00007f9c1406be00 DEOPT UNPACKING pc=0x00000001199b1424 sp=0x00007ffee46ca2a0 mode 2
Event: 46.378 Thread 0x00007f9c1406be00 Uncommon trap: trap_request=0xffffff45 fr.pc=0x000000012147acd4 relative=0x00000000000001b4
Event: 46.378 Thread 0x00007f9c1406be00 Uncommon trap: reason=unstable_if action=reinterpret pc=0x000000012147acd4 method=java.io.ByteArrayInputStream.read()I @ 8 c2
Event: 46.378 Thread 0x00007f9c1406be00 DEOPT PACKING pc=0x000000012147acd4 sp=0x00007ffee46c90c0
Event: 46.378 Thread 0x00007f9c1406be00 DEOPT UNPACKING pc=0x00000001199b1424 sp=0x00007ffee46c9078 mode 2

Classes unloaded (0 events):
No events

Classes redefined (0 events):
No events

Internal exceptions (20 events):
Event: 30.554 Thread 0x00007f9c16896400 Exception <a 'java/lang/NoSuchMethodError'{0x0000000786d7dfa0}: 'void java.lang.invoke.DirectMethodHandle$Holder.invokeStatic(java.lang.Object, java.lang.Object, java.lang.Object, java.lang.Object)'> (0x0000000786d7dfa0) 
thrown [./open/src/hotspot/share/interpreter/linkResolver.cpp, line 790]
Event: 30.655 Thread 0x00007f9c1406be00 Exception <a 'java/lang/NoSuchMethodError'{0x0000000787e0d1c8}: 'java.lang.Object java.lang.invoke.DirectMethodHandle$Holder.invokeStaticInit(java.lang.Object, java.lang.Object, java.lang.Object, java.lang.Object)'> (0x0000000787e0d1c8) 
thrown [./open/src/hotspot/share/interpreter/linkResolver.cpp, line 790]
Event: 30.656 Thread 0x00007f9c1406be00 Exception <a 'java/lang/NullPointerException'{0x0000000787e191f0}> (0x0000000787e191f0) 
thrown [./open/src/hotspot/share/interpreter/linkResolver.cpp, line 1385]
Event: 30.659 Thread 0x00007f9c1406be00 Exception <a 'java/lang/NoSuchMethodError'{0x0000000787e43990}: 'void java.lang.invoke.DirectMethodHandle$Holder.invokeSpecial(java.lang.Object, java.lang.Object, java.lang.Object, java.lang.Object, java.lang.Object)'> (0x0000000787e43990) 
thrown [./open/src/hotspot/share/interpreter/linkResolver.cpp, line 790]
Event: 30.674 Thread 0x00007f9c1406be00 Exception <a 'java/lang/NoSuchMethodError'{0x0000000787db93e8}: 'java.lang.Object java.lang.invoke.DirectMethodHandle$Holder.invokeSpecial(java.lang.Object, java.lang.Object, java.lang.Object, int, java.lang.Object)'> (0x0000000787db93e8) 
thrown [./open/src/hotspot/share/interpreter/linkResolver.cpp, line 790]
Event: 30.738 Thread 0x00007f9c1406be00 Exception <a 'java/lang/NoSuchMethodError'{0x00000007877819b0}: 'void java.lang.invoke.DirectMethodHandle$Holder.invokeStaticInit(java.lang.Object, java.lang.Object)'> (0x00000007877819b0) 
thrown [./open/src/hotspot/share/interpreter/linkResolver.cpp, line 790]
Event: 30.834 Thread 0x00007f9c1406be00 Implicit null exception at 0x0000000121463c60 to 0x0000000121463cf6
Event: 30.841 Thread 0x00007f9c1406be00 Implicit null exception at 0x000000012147b38f to 0x000000012147b7ac
Event: 30.844 Thread 0x00007f9c1406be00 Implicit null exception at 0x000000012147a18f to 0x000000012147a594
Event: 30.844 Thread 0x00007f9c1406be00 Implicit null exception at 0x000000012147afaf to 0x000000012147b02d
Event: 45.932 Thread 0x00007f9c1406be00 Exception <a 'java/lang/NoSuchMethodError'{0x0000000786ed2e50}: 'int java.lang.invoke.DirectMethodHandle$Holder.invokeStaticInit(java.lang.Object, java.lang.Object)'> (0x0000000786ed2e50) 
thrown [./open/src/hotspot/share/interpreter/linkResolver.cpp, line 790]
Event: 45.964 Thread 0x00007f9c1406be00 Exception <a 'java/lang/NoSuchMethodError'{0x0000000786ba05e0}: 'void java.lang.invoke.DirectMethodHandle$Holder.invokeSpecial(java.lang.Object, java.lang.Object, java.lang.Object, java.lang.Object, java.lang.Object, java.lang.Object)'> (0x0000000786ba05e0) 
thrown [./open/src/hotspot/share/interpreter/linkResolver.cpp, line 790]
Event: 45.984 Thread 0x00007f9c1406be00 Exception <a 'java/lang/NoSuchMethodError'{0x0000000786a84d00}: 'java.lang.Object java.lang.invoke.DirectMethodHandle$Holder.invokeInterface(java.lang.Object, java.lang.Object, java.lang.Object)'> (0x0000000786a84d00) 
thrown [./open/src/hotspot/share/interpreter/linkResolver.cpp, line 790]
Event: 45.985 Thread 0x00007f9c1406be00 Exception <a 'java/lang/IncompatibleClassChangeError'{0x0000000786a88880}: Found class java.lang.Object, but interface was expected> (0x0000000786a88880) 
thrown [./open/src/hotspot/share/interpreter/linkResolver.cpp, line 857]
Event: 46.290 Thread 0x00007f9c1406be00 Exception <a 'java/lang/ClassNotFoundException'{0x00000007863af440}: com/sun/javafx/scene/control/skin/resources/controls> (0x00000007863af440) 
thrown [./open/src/hotspot/share/prims/jni.cpp, line 600]
Event: 46.291 Thread 0x00007f9c1406be00 Exception <a 'java/lang/ClassNotFoundException'{0x00000007863bcf40}: com/sun/javafx/scene/control/skin/resources/controls_en> (0x00000007863bcf40) 
thrown [./open/src/hotspot/share/prims/jni.cpp, line 600]
Event: 46.291 Thread 0x00007f9c1406be00 Exception <a 'java/lang/ClassNotFoundException'{0x00000007863be620}: com/sun/javafx/scene/control/skin/resources/controls_en_GB> (0x00000007863be620) 
thrown [./open/src/hotspot/share/prims/jni.cpp, line 600]
Event: 46.397 Thread 0x00007f9c1406be00 Exception <a 'java/lang/NoSuchMethodError'{0x0000000785d01798}: 'java.lang.Object java.lang.invoke.DirectMethodHandle$Holder.newInvokeSpecial(java.lang.Object, java.lang.Object, int, int)'> (0x0000000785d01798) 
thrown [./open/src/hotspot/share/interpreter/linkResolver.cpp, line 790]
Event: 46.403 Thread 0x00007f9c1406be00 Exception <a 'java/lang/NoSuchMethodError'{0x0000000785d16768}: 'java.lang.Object java.lang.invoke.DirectMethodHandle$Holder.newInvokeSpecial(java.lang.Object, java.lang.Object, int)'> (0x0000000785d16768) 
thrown [./open/src/hotspot/share/interpreter/linkResolver.cpp, line 790]
Event: 46.467 Thread 0x00007f9c1307cc00 Exception <a 'java/lang/reflect/InvocationTargetException'{0x0000000785b337c8}> (0x0000000785b337c8) 
thrown [./open/src/hotspot/share/runtime/reflection.cpp, line 1157]

Events (20 events):
Event: 46.380 loading class jdk/internal/misc/ScopedMemoryAccess$Scope
Event: 46.380 loading class jdk/internal/misc/ScopedMemoryAccess$Scope done
Event: 46.381 loading class jdk/internal/icu/text/UTF16
Event: 46.381 loading class jdk/internal/icu/text/UTF16 done
Event: 46.381 loading class jdk/internal/icu/text/BidiLine
Event: 46.381 loading class jdk/internal/icu/text/BidiLine done
Event: 46.392 loading class java/lang/ArrayIndexOutOfBoundsException
Event: 46.392 loading class java/lang/ArrayIndexOutOfBoundsException done
Event: 46.393 loading class java/lang/FdLibm$Hypot
Event: 46.393 loading class java/lang/FdLibm$Hypot done
Event: 46.393 loading class java/lang/FdLibm
Event: 46.393 loading class java/lang/FdLibm done
Event: 46.407 loading class java/util/WeakHashMap$EntrySet
Event: 46.407 loading class java/util/WeakHashMap$EntrySet done
Event: 46.407 loading class java/util/WeakHashMap$EntryIterator
Event: 46.407 loading class java/util/WeakHashMap$EntryIterator done
Event: 46.467 loading class java/lang/Throwable$WrappedPrintStream
Event: 46.467 loading class java/lang/Throwable$PrintStreamOrWriter
Event: 46.467 loading class java/lang/Throwable$PrintStreamOrWriter done
Event: 46.467 loading class java/lang/Throwable$WrappedPrintStream done


Dynamic libraries:
0x00007fff2a5ab000 	/usr/lib/libz.1.dylib
0x000000010b53e000 	/Users/capu/Library/Java/JavaVirtualMachines/openjdk-16.0.1/Contents/Home/lib/libjli.dylib
0x00007fff34f7b000 	/System/Library/Frameworks/Cocoa.framework/Versions/A/Cocoa
0x00007fff22347000 	/System/Library/Frameworks/Security.framework/Versions/A/Security
0x00007fff3319e000 	/System/Library/Frameworks/ApplicationServices.framework/Versions/A/ApplicationServices
0x00007fff2a673000 	/usr/lib/libSystem.B.dylib
0x00007fff2a66d000 	/usr/lib/system/libcache.dylib
0x00007fff2a629000 	/usr/lib/system/libcommonCrypto.dylib
0x00007fff2a653000 	/usr/lib/system/libcompiler_rt.dylib
0x00007fff2a648000 	/usr/lib/system/libcopyfile.dylib
0x00007fff20248000 	/usr/lib/system/libcorecrypto.dylib
0x00007fff20313000 	/usr/lib/system/libdispatch.dylib
0x00007fff204c6000 	/usr/lib/system/libdyld.dylib
0x00007fff2a664000 	/usr/lib/system/libkeymgr.dylib
0x00007fff2da69000 	/usr/lib/system/liblaunch.dylib
0x00007fff2a607000 	/usr/lib/system/libmacho.dylib
0x00007fff29dff000 	/usr/lib/system/libquarantine.dylib
0x00007fff2a661000 	/usr/lib/system/libremovefile.dylib
0x00007fff24d15000 	/usr/lib/system/libsystem_asl.dylib
0x00007fff201f8000 	/usr/lib/system/libsystem_blocks.dylib
0x00007fff20395000 	/usr/lib/system/libsystem_c.dylib
0x00007fff2a65b000 	/usr/lib/system/libsystem_collections.dylib
0x00007fff29105000 	/usr/lib/system/libsystem_configuration.dylib
0x00007fff283f2000 	/usr/lib/system/libsystem_containermanager.dylib
0x00007fff2a3aa000 	/usr/lib/system/libsystem_coreservices.dylib
0x00007fff228fc000 	/usr/lib/system/libsystem_darwin.dylib
0x00007fff2a665000 	/usr/lib/system/libsystem_dnssd.dylib
0x00007fff20392000 	/usr/lib/system/libsystem_featureflags.dylib
0x00007fff2050c000 	/usr/lib/system/libsystem_info.dylib
0x00007fff2a5be000 	/usr/lib/system/libsystem_m.dylib
0x00007fff202e6000 	/usr/lib/system/libsystem_malloc.dylib
0x00007fff24ca8000 	/usr/lib/system/libsystem_networkextension.dylib
0x00007fff22d1b000 	/usr/lib/system/libsystem_notify.dylib
0x00007fff2feed000 	/usr/lib/system/libsystem_product_info_filter.dylib
0x00007fff29109000 	/usr/lib/system/libsystem_sandbox.dylib
0x00007fff2a65e000 	/usr/lib/system/libsystem_secinit.dylib
0x00007fff2048a000 	/usr/lib/system/libsystem_kernel.dylib
0x00007fff20502000 	/usr/lib/system/libsystem_platform.dylib
0x00007fff204ba000 	/usr/lib/system/libsystem_pthread.dylib
0x00007fff263ef000 	/usr/lib/system/libsystem_symptoms.dylib
0x00007fff20230000 	/usr/lib/system/libsystem_trace.dylib
0x00007fff2a635000 	/usr/lib/system/libunwind.dylib
0x00007fff201fa000 	/usr/lib/system/libxpc.dylib
0x00007fff20474000 	/usr/lib/libc++abi.dylib
0x00007fff20358000 	/usr/lib/libobjc.A.dylib
0x00007fff2a640000 	/usr/lib/liboah.dylib
0x00007fff2041e000 	/usr/lib/libc++.1.dylib
0x00007fff20538000 	/System/Library/Frameworks/CoreFoundation.framework/Versions/A/CoreFoundation
0x00007fff212e2000 	/System/Library/Frameworks/Foundation.framework/Versions/C/Foundation
0x00007fff22d75000 	/System/Library/Frameworks/AppKit.framework/Versions/C/AppKit
0x00007fff25c2b000 	/System/Library/Frameworks/CoreData.framework/Versions/A/CoreData
0x00007fff23abd000 	/System/Library/PrivateFrameworks/UIFoundation.framework/Versions/A/UIFoundation
0x00007fff2fc80000 	/System/Library/PrivateFrameworks/RemoteViewServices.framework/Versions/A/RemoteViewServices
0x00007fff28ab8000 	/System/Library/PrivateFrameworks/XCTTargetBootstrap.framework/Versions/A/XCTTargetBootstrap
0x00007fff2b793000 	/usr/lib/libspindump.dylib
0x00007fff23d0c000 	/System/Library/Frameworks/UniformTypeIdentifiers.framework/Versions/A/UniformTypeIdentifiers
0x00007fff272bc000 	/usr/lib/libapp_launch_measurement.dylib
0x00007fff272bf000 	/System/Library/PrivateFrameworks/CoreAutoLayout.framework/Versions/A/CoreAutoLayout
0x00007fff2841f000 	/System/Library/Frameworks/Metal.framework/Versions/A/Metal
0x00007fff29114000 	/usr/lib/liblangid.dylib
0x00007fff28abc000 	/System/Library/PrivateFrameworks/CoreSVG.framework/Versions/A/CoreSVG
0x00007fff24d44000 	/System/Library/PrivateFrameworks/SkyLight.framework/Versions/A/SkyLight
0x00007fff250a8000 	/System/Library/Frameworks/CoreGraphics.framework/Versions/A/CoreGraphics
0x00007fff301a2000 	/System/Library/Frameworks/Accelerate.framework/Versions/A/Accelerate
0x00007fff2b1d2000 	/System/Library/PrivateFrameworks/IconServices.framework/Versions/A/IconServices
0x00007fff28403000 	/System/Library/Frameworks/IOSurface.framework/Versions/A/IOSurface
0x00007fff265ac000 	/usr/lib/libDiagnosticMessagesClient.dylib
0x00007fff28aa4000 	/System/Library/PrivateFrameworks/DFRFoundation.framework/Versions/A/DFRFoundation
0x00007fff2269c000 	/usr/lib/libicucore.A.dylib
0x00007fff2ccd2000 	/System/Library/Frameworks/AudioToolbox.framework/Versions/A/AudioToolbox
0x00007fff2bf64000 	/System/Library/PrivateFrameworks/DataDetectorsCore.framework/Versions/A/DataDetectorsCore
0x00007fff24cb8000 	/usr/lib/libMobileGestalt.dylib
0x00007fff287a8000 	/System/Library/Frameworks/Carbon.framework/Versions/A/Frameworks/HIToolbox.framework/Versions/A/HIToolbox
0x00007fff26d06000 	/System/Library/Frameworks/QuartzCore.framework/Versions/A/QuartzCore
0x00007fff2fcb8000 	/System/Library/Frameworks/Carbon.framework/Versions/A/Frameworks/SpeechRecognition.framework/Versions/A/SpeechRecognition
0x00007fff27025000 	/System/Library/PrivateFrameworks/CoreUI.framework/Versions/A/CoreUI
0x00007fff21cb6000 	/System/Library/Frameworks/CoreAudio.framework/Versions/A/CoreAudio
0x00007fff26697000 	/System/Library/Frameworks/DiskArbitration.framework/Versions/A/DiskArbitration
0x00007fff2bb61000 	/System/Library/PrivateFrameworks/MultitouchSupport.framework/Versions/A/MultitouchSupport
0x00007fff2bf5b000 	/System/Library/PrivateFrameworks/InternationalSupport.framework/Versions/A/InternationalSupport
0x00007fff24cb7000 	/usr/lib/libenergytrace.dylib
0x00007fff22c6c000 	/System/Library/Frameworks/IOKit.framework/Versions/A/IOKit
0x00007fff2ffeb000 	/System/Library/Frameworks/CoreServices.framework/Versions/A/CoreServices
0x00007fff27252000 	/System/Library/PrivateFrameworks/PerformanceAnalysis.framework/Versions/A/PerformanceAnalysis
0x00007fff6ba27000 	/System/Library/Frameworks/OpenGL.framework/Versions/A/OpenGL
0x00007fff2bfdf000 	/System/Library/PrivateFrameworks/UserActivity.framework/Versions/A/UserActivity
0x00007fff25732000 	/System/Library/Frameworks/ColorSync.framework/Versions/A/ColorSync
0x00007fff28d22000 	/System/Library/Frameworks/CoreImage.framework/Versions/A/CoreImage
0x00007fff21ad1000 	/System/Library/Frameworks/CoreText.framework/Versions/A/CoreText
0x00007fff28ae6000 	/System/Library/Frameworks/ImageIO.framework/Versions/A/ImageIO
0x00007fff2a679000 	/System/Library/PrivateFrameworks/SoftLinking.framework/Versions/A/SoftLinking
0x00007fff27307000 	/usr/lib/libxml2.2.dylib
0x00007fff2a8ea000 	/usr/lib/libcompression.dylib
0x00007fff2be8d000 	/System/Library/PrivateFrameworks/TextureIO.framework/Versions/A/TextureIO
0x00007fff2af11000 	/usr/lib/libate.dylib
0x00007fff2acf7000 	/usr/lib/liblzma.5.dylib
0x00007fff20ff6000 	/System/Library/Frameworks/SystemConfiguration.framework/Versions/A/SystemConfiguration
0x00007fff2a675000 	/usr/lib/libfakelink.dylib
0x00007fff24809000 	/System/Library/Frameworks/CFNetwork.framework/Versions/A/CFNetwork
0x00007fff2a7b5000 	/usr/lib/libarchive.2.dylib
0x00007fff21074000 	/usr/lib/libCRFSuite.dylib
0x00007fff29e26000 	/usr/lib/libbsm.0.dylib
0x00007fff24189000 	/usr/lib/libnetwork.dylib
0x00007fff2a67a000 	/usr/lib/libpcap.A.dylib
0x00007fff263e8000 	/usr/lib/libdns_services.dylib
0x00007fff2ad10000 	/usr/lib/libcoretls_cfhelpers.dylib
0x00007fff2a8b4000 	/usr/lib/libapple_nghttp2.dylib
0x00007fff2a60d000 	/usr/lib/system/libkxld.dylib
0x00007fff26061000 	/usr/lib/libsqlite3.dylib
0x00007fff2a38d000 	/System/Library/PrivateFrameworks/AppleFSCompression.framework/Versions/A/AppleFSCompression
0x00007fff29e0e000 	/usr/lib/libcoretls.dylib
0x00007fff2a8e5000 	/usr/lib/libpam.2.dylib
0x00007fff2ae0d000 	/usr/lib/libxar.1.dylib
0x00007fff29110000 	/System/Library/PrivateFrameworks/AppleSystemInfo.framework/Versions/A/AppleSystemInfo
0x00007fff29a50000 	/System/Library/PrivateFrameworks/IOMobileFramebuffer.framework/Versions/A/IOMobileFramebuffer
0x00007fff2a39d000 	/usr/lib/libbz2.1.0.dylib
0x00007fff2a6b2000 	/usr/lib/libiconv.2.dylib
0x00007fff2a606000 	/usr/lib/libcharset.1.dylib
0x00007fff2728e000 	/System/Library/Frameworks/CoreServices.framework/Versions/A/Frameworks/FSEvents.framework/Versions/A/FSEvents
0x00007fff22906000 	/System/Library/Frameworks/CoreServices.framework/Versions/A/Frameworks/CarbonCore.framework/Versions/A/CarbonCore
0x00007fff265fc000 	/System/Library/Frameworks/CoreServices.framework/Versions/A/Frameworks/Metadata.framework/Versions/A/Metadata
0x00007fff2a3af000 	/System/Library/Frameworks/CoreServices.framework/Versions/A/Frameworks/OSServices.framework/Versions/A/OSServices
0x00007fff2a827000 	/System/Library/Frameworks/CoreServices.framework/Versions/A/Frameworks/SearchKit.framework/Versions/A/SearchKit
0x00007fff26373000 	/System/Library/Frameworks/CoreServices.framework/Versions/A/Frameworks/AE.framework/Versions/A/AE
0x00007fff209d6000 	/System/Library/Frameworks/CoreServices.framework/Versions/A/Frameworks/LaunchServices.framework/Versions/A/LaunchServices
0x00007fff2aca7000 	/System/Library/Frameworks/CoreServices.framework/Versions/A/Frameworks/DictionaryServices.framework/Versions/A/DictionaryServices
0x00007fff27297000 	/System/Library/Frameworks/CoreServices.framework/Versions/A/Frameworks/SharedFileList.framework/Versions/A/SharedFileList
0x00007fff29e02000 	/usr/lib/libCheckFix.dylib
0x00007fff24d2c000 	/System/Library/PrivateFrameworks/TCC.framework/Versions/A/TCC
0x00007fff29116000 	/System/Library/PrivateFrameworks/CoreNLP.framework/Versions/A/CoreNLP
0x00007fff265af000 	/System/Library/PrivateFrameworks/MetadataUtilities.framework/Versions/A/MetadataUtilities
0x00007fff210a9000 	/usr/lib/libmecabra.dylib
0x00007fff2a10c000 	/System/Library/Frameworks/MLCompute.framework/Versions/A/MLCompute
0x00007fff29e37000 	/usr/lib/libmecab.dylib
0x00007fff29e81000 	/usr/lib/libgermantok.dylib
0x00007fff2a88f000 	/usr/lib/libThaiTokenizer.dylib
0x00007fff2ae48000 	/usr/lib/libChineseTokenizer.dylib
0x00007fff2a8e3000 	/System/Library/Frameworks/MetalPerformanceShaders.framework/Versions/A/MetalPerformanceShaders
0x00007fff2669e000 	/System/Library/Frameworks/Accelerate.framework/Versions/A/Frameworks/vImage.framework/Versions/A/vImage
0x00007fff2ffc5000 	/System/Library/Frameworks/Accelerate.framework/Versions/A/Frameworks/vecLib.framework/Versions/A/vecLib
0x00007fff2ae53000 	/System/Library/Frameworks/Accelerate.framework/Versions/A/Frameworks/vecLib.framework/Versions/A/libvMisc.dylib
0x00007fff2986b000 	/System/Library/Frameworks/Accelerate.framework/Versions/A/Frameworks/vecLib.framework/Versions/A/libvDSP.dylib
0x00007fff20cdd000 	/System/Library/Frameworks/Accelerate.framework/Versions/A/Frameworks/vecLib.framework/Versions/A/libBLAS.dylib
0x00007fff2a909000 	/System/Library/Frameworks/Accelerate.framework/Versions/A/Frameworks/vecLib.framework/Versions/A/libLAPACK.dylib
0x00007fff29e87000 	/System/Library/Frameworks/Accelerate.framework/Versions/A/Frameworks/vecLib.framework/Versions/A/libLinearAlgebra.dylib
0x00007fff2a8cc000 	/System/Library/Frameworks/Accelerate.framework/Versions/A/Frameworks/vecLib.framework/Versions/A/libSparseBLAS.dylib
0x00007fff2a903000 	/System/Library/Frameworks/Accelerate.framework/Versions/A/Frameworks/vecLib.framework/Versions/A/libQuadrature.dylib
0x00007fff291c2000 	/System/Library/Frameworks/Accelerate.framework/Versions/A/Frameworks/vecLib.framework/Versions/A/libBNNS.dylib
0x00007fff20f87000 	/System/Library/Frameworks/Accelerate.framework/Versions/A/Frameworks/vecLib.framework/Versions/A/libSparse.dylib
0x00007fff2909e000 	/System/Library/Frameworks/MetalPerformanceShaders.framework/Versions/A/Frameworks/MPSCore.framework/Versions/A/MPSCore
0x00007fff2a2fc000 	/System/Library/Frameworks/MetalPerformanceShaders.framework/Versions/A/Frameworks/MPSImage.framework/Versions/A/MPSImage
0x00007fff29e9d000 	/System/Library/Frameworks/MetalPerformanceShaders.framework/Versions/A/Frameworks/MPSNeuralNetwork.framework/Versions/A/MPSNeuralNetwork
0x00007fff2a26e000 	/System/Library/Frameworks/MetalPerformanceShaders.framework/Versions/A/Frameworks/MPSMatrix.framework/Versions/A/MPSMatrix
0x00007fff2a0bc000 	/System/Library/Frameworks/MetalPerformanceShaders.framework/Versions/A/Frameworks/MPSRayIntersector.framework/Versions/A/MPSRayIntersector
0x00007fff2a2a5000 	/System/Library/Frameworks/MetalPerformanceShaders.framework/Versions/A/Frameworks/MPSNDArray.framework/Versions/A/MPSNDArray
0x00007fff20c09000 	/System/Library/PrivateFrameworks/MetalTools.framework/Versions/A/MetalTools
0x00007fff2910e000 	/System/Library/PrivateFrameworks/AggregateDictionary.framework/Versions/A/AggregateDictionary
0x00007fff2657c000 	/System/Library/PrivateFrameworks/CoreAnalytics.framework/Versions/A/CoreAnalytics
0x00007fff2a891000 	/System/Library/PrivateFrameworks/AppleSauce.framework/Versions/A/AppleSauce
0x00007fff28415000 	/System/Library/PrivateFrameworks/IOAccelerator.framework/Versions/A/IOAccelerator
0x00007fff6ba1b000 	/System/Library/Frameworks/OpenGL.framework/Versions/A/Libraries/libCoreFSCache.dylib
0x00007fff21640000 	/System/Library/PrivateFrameworks/LanguageModeling.framework/Versions/A/LanguageModeling
0x00007fff29a3e000 	/System/Library/PrivateFrameworks/CoreEmoji.framework/Versions/A/CoreEmoji
0x00007fff291bb000 	/System/Library/PrivateFrameworks/LinguisticData.framework/Versions/A/LinguisticData
0x00007fff20f3a000 	/System/Library/PrivateFrameworks/Lexicon.framework/Versions/A/Lexicon
0x00007fff2a7a3000 	/usr/lib/libcmph.dylib
0x00007fff2726e000 	/System/Library/Frameworks/OpenDirectory.framework/Versions/A/Frameworks/CFOpenDirectory.framework/Versions/A/CFOpenDirectory
0x00007fff2725e000 	/System/Library/Frameworks/OpenDirectory.framework/Versions/A/OpenDirectory
0x00007fff2ad12000 	/System/Library/PrivateFrameworks/APFS.framework/Versions/A/APFS
0x00007fff29d64000 	/System/Library/Frameworks/SecurityFoundation.framework/Versions/A/SecurityFoundation
0x00007fff2ae1b000 	/usr/lib/libutil.dylib
0x00007fff22c31000 	/System/Library/PrivateFrameworks/CoreServicesStore.framework/Versions/A/CoreServicesStore
0x00007fff29dfa000 	/System/Library/Frameworks/ServiceManagement.framework/Versions/A/ServiceManagement
0x00007fff2ae1f000 	/usr/lib/libxslt.1.dylib
0x00007fff29df0000 	/System/Library/PrivateFrameworks/BackgroundTaskManagement.framework/Versions/A/BackgroundTaskManagement
0x00007fff2bdd7000 	/System/Library/Frameworks/ImageIO.framework/Versions/A/Resources/libRadiance.dylib
0x00007fff2bde1000 	/System/Library/Frameworks/ImageIO.framework/Versions/A/Resources/libJPEG.dylib
0x00007fff2bd2b000 	/System/Library/Frameworks/ImageIO.framework/Versions/A/Resources/libPng.dylib
0x00007fff2bd52000 	/System/Library/Frameworks/ImageIO.framework/Versions/A/Resources/libTIFF.dylib
0x00007fff2be36000 	/System/Library/Frameworks/ImageIO.framework/Versions/A/Resources/libGIF.dylib
0x00007fff2ba7d000 	/System/Library/Frameworks/ImageIO.framework/Versions/A/Resources/libJP2.dylib
0x00007fff2b19a000 	/usr/lib/libexpat.1.dylib
0x00007fff2ba33000 	/System/Library/PrivateFrameworks/AppleJPEG.framework/Versions/A/AppleJPEG
0x00007fff2864b000 	/System/Library/PrivateFrameworks/FontServices.framework/libFontParser.dylib
0x00007fff2632a000 	/System/Library/PrivateFrameworks/RunningBoardServices.framework/Versions/A/RunningBoardServices
0x00007fff2bb5d000 	/System/Library/PrivateFrameworks/WatchdogClient.framework/Versions/A/WatchdogClient
0x00007fff21729000 	/System/Library/Frameworks/CoreDisplay.framework/Versions/A/CoreDisplay
0x00007fff28560000 	/System/Library/Frameworks/CoreMedia.framework/Versions/A/CoreMedia
0x00007fff273ea000 	/System/Library/Frameworks/CoreVideo.framework/Versions/A/CoreVideo
0x00007fff2bb98000 	/System/Library/Frameworks/VideoToolbox.framework/Versions/A/VideoToolbox
0x00007fff262aa000 	/System/Library/PrivateFrameworks/BaseBoard.framework/Versions/A/BaseBoard
0x00007fff2b2dd000 	/System/Library/PrivateFrameworks/PersistentConnection.framework/Versions/A/PersistentConnection
0x00007fff2604b000 	/System/Library/PrivateFrameworks/ProtocolBuffer.framework/Versions/A/ProtocolBuffer
0x00007fff26292000 	/System/Library/PrivateFrameworks/CommonUtilities.framework/Versions/A/CommonUtilities
0x00007fff2b9f6000 	/System/Library/PrivateFrameworks/Bom.framework/Versions/A/Bom
0x00007fff2bdcf000 	/System/Library/PrivateFrameworks/GPUWrangler.framework/Versions/A/GPUWrangler
0x00007fff2bdb2000 	/System/Library/PrivateFrameworks/IOPresentment.framework/Versions/A/IOPresentment
0x00007fff2bddb000 	/System/Library/PrivateFrameworks/DSExternalDisplay.framework/Versions/A/DSExternalDisplay
0x00007fff2be3b000 	/System/Library/PrivateFrameworks/CMCaptureCore.framework/Versions/A/CMCaptureCore
0x00007fff2b779000 	/System/Library/PrivateFrameworks/AppServerSupport.framework/Versions/A/AppServerSupport
0x00007fff2d80c000 	/System/Library/PrivateFrameworks/perfdata.framework/Versions/A/perfdata
0x00007fff29d53000 	/System/Library/PrivateFrameworks/AssertionServices.framework/Versions/A/AssertionServices
0x00007fff21860000 	/System/Library/PrivateFrameworks/AudioToolboxCore.framework/Versions/A/AudioToolboxCore
0x00007fff28543000 	/System/Library/PrivateFrameworks/caulk.framework/Versions/A/caulk
0x00007fff3cc01000 	/System/Library/PrivateFrameworks/SystemPolicy.framework/Versions/A/SystemPolicy
0x00007fff2afa9000 	/usr/lib/libIOReport.dylib
0x00007fff2d048000 	/usr/lib/libSMC.dylib
0x00007fff2bcf7000 	/usr/lib/libAudioToolboxUtility.dylib
0x00007fff3d55c000 	/usr/lib/libmis.dylib
0x00007fff6ba77000 	/System/Library/Frameworks/OpenGL.framework/Versions/A/Libraries/libGLU.dylib
0x00007fff6ba3a000 	/System/Library/Frameworks/OpenGL.framework/Versions/A/Libraries/libGFXShared.dylib
0x00007fff6bc48000 	/System/Library/Frameworks/OpenGL.framework/Versions/A/Libraries/libGL.dylib
0x00007fff6ba43000 	/System/Library/Frameworks/OpenGL.framework/Versions/A/Libraries/libGLImage.dylib
0x00007fff6ba37000 	/System/Library/Frameworks/OpenGL.framework/Versions/A/Libraries/libCVMSPluginSupport.dylib
0x00007fff6ba22000 	/System/Library/Frameworks/OpenGL.framework/Versions/A/Libraries/libCoreVMClient.dylib
0x00007fff6d092000 	/System/Library/Frameworks/OpenCL.framework/Versions/A/OpenCL
0x00007fff2b306000 	/System/Library/PrivateFrameworks/GraphVisualizer.framework/Versions/A/GraphVisualizer
0x00007fff2b315000 	/System/Library/PrivateFrameworks/FaceCore.framework/Versions/A/FaceCore
0x00007fff2b731000 	/System/Library/PrivateFrameworks/OTSVG.framework/Versions/A/OTSVG
0x00007fff26fe3000 	/System/Library/Frameworks/ApplicationServices.framework/Versions/A/Frameworks/ATS.framework/Versions/A/Resources/libFontRegistry.dylib
0x00007fff2b780000 	/System/Library/PrivateFrameworks/FontServices.framework/libhvf.dylib
0x00007fff2b146000 	/System/Library/PrivateFrameworks/AppleVA.framework/Versions/A/AppleVA
0x00007fff2ce90000 	/System/Library/Frameworks/ApplicationServices.framework/Versions/A/Frameworks/ATS.framework/Versions/A/ATS
0x00007fff2d1a3000 	/System/Library/Frameworks/ApplicationServices.framework/Versions/A/Frameworks/ColorSyncLegacy.framework/Versions/A/ColorSyncLegacy
0x00007fff25829000 	/System/Library/Frameworks/ApplicationServices.framework/Versions/A/Frameworks/HIServices.framework/Versions/A/HIServices
0x00007fff2d188000 	/System/Library/Frameworks/ApplicationServices.framework/Versions/A/Frameworks/LangAnalysis.framework/Versions/A/LangAnalysis
0x00007fff2be45000 	/System/Library/Frameworks/ApplicationServices.framework/Versions/A/Frameworks/PrintCore.framework/Versions/A/PrintCore
0x00007fff2d1ab000 	/System/Library/Frameworks/ApplicationServices.framework/Versions/A/Frameworks/QD.framework/Versions/A/QD
0x00007fff2ce80000 	/System/Library/Frameworks/ApplicationServices.framework/Versions/A/Frameworks/SpeechSynthesis.framework/Versions/A/SpeechSynthesis
0x00007fff2be06000 	/System/Library/Frameworks/ApplicationServices.framework/Versions/A/Frameworks/ATSUI.framework/Versions/A/ATSUI
0x00007fff2d128000 	/usr/lib/libcups.2.dylib
0x00007fff2d198000 	/System/Library/PrivateFrameworks/NetAuth.framework/Versions/A/NetAuth
0x00007fff2d827000 	/System/Library/Frameworks/Kerberos.framework/Versions/A/Kerberos
0x00007fff2d837000 	/System/Library/Frameworks/GSS.framework/Versions/A/GSS
0x00007fff2cefd000 	/usr/lib/libresolv.9.dylib
0x00007fff2b796000 	/System/Library/PrivateFrameworks/Heimdal.framework/Versions/A/Heimdal
0x00007fff334b3000 	/System/Library/Frameworks/Kerberos.framework/Versions/A/Libraries/libHeimdalProxy.dylib
0x00007fff263f7000 	/System/Library/Frameworks/Network.framework/Versions/A/Network
0x00007fff2b1b3000 	/usr/lib/libheimdal-asn1.dylib
0x00007fff2d888000 	/System/Library/PrivateFrameworks/CommonAuth.framework/Versions/A/CommonAuth
0x00007fff27438000 	/System/Library/PrivateFrameworks/login.framework/Versions/A/Frameworks/loginsupport.framework/Versions/A/loginsupport
0x00007fff2ce07000 	/System/Library/PrivateFrameworks/AudioSession.framework/Versions/A/AudioSession
0x00007fff2ce6d000 	/usr/lib/libAudioStatistics.dylib
0x00007fff2b23f000 	/System/Library/PrivateFrameworks/MediaExperience.framework/Versions/A/MediaExperience
0x00007fff2cca0000 	/System/Library/PrivateFrameworks/AudioSession.framework/libSessionUtility.dylib
0x00007fff2d818000 	/usr/lib/libperfcheck.dylib
0x00007fff2d1b7000 	/System/Library/PrivateFrameworks/AudioResourceArbitration.framework/Versions/A/AudioResourceArbitration
0x00007fff2b1bd000 	/System/Library/PrivateFrameworks/IconFoundation.framework/Versions/A/IconFoundation
0x00007fff2fca8000 	/System/Library/PrivateFrameworks/SpeechRecognitionCore.framework/Versions/A/SpeechRecognitionCore
0x000000010f800000 	/Users/capu/Library/Java/JavaVirtualMachines/openjdk-16.0.1/Contents/Home/lib/server/libjvm.dylib
0x000000010b568000 	/Users/capu/Library/Java/JavaVirtualMachines/openjdk-16.0.1/Contents/Home/lib/libjimage.dylib
0x000000010b574000 	/Users/capu/Library/Java/JavaVirtualMachines/openjdk-16.0.1/Contents/Home/lib/libinstrument.dylib
0x000000010b584000 	/Users/capu/Library/Java/JavaVirtualMachines/openjdk-16.0.1/Contents/Home/lib/libjava.dylib
0x000000010b7ea000 	/Users/capu/Library/Java/JavaVirtualMachines/openjdk-16.0.1/Contents/Home/lib/libnio.dylib
0x0000000118b41000 	/Users/capu/Library/Java/JavaVirtualMachines/openjdk-16.0.1/Contents/Home/lib/libnet.dylib
0x0000000118b5b000 	/Users/capu/Library/Java/JavaVirtualMachines/openjdk-16.0.1/Contents/Home/lib/libzip.dylib
0x0000000118b69000 	/Users/capu/Library/Java/JavaVirtualMachines/openjdk-16.0.1/Contents/Home/lib/libextnet.dylib
0x0000000118b70000 	/Users/capu/Downloads/javafx-sdk-16/lib/libprism_es2.dylib
0x00007fff22bf2000 	/System/Library/PrivateFrameworks/CoreServicesInternal.framework/Versions/A/CoreServicesInternal
0x00007fff6bc53000 	/System/Library/Frameworks/OpenGL.framework/Versions/A/Resources/GLEngine.bundle/GLEngine
0x00007fff6bab4000 	/System/Library/Frameworks/OpenGL.framework/Versions/A/Libraries/libGLProgrammability.dylib
0x00007fff5ee39000 	/System/Library/Extensions/AppleIntelKBLGraphicsGLDriver.bundle/Contents/MacOS/AppleIntelKBLGraphicsGLDriver
0x00007fff46313000 	/System/Library/PrivateFrameworks/GPUSupport.framework/Versions/A/Libraries/libGPUSupportMercury.dylib
0x00007fff6bdd1000 	/System/Library/Frameworks/OpenGL.framework/Versions/A/Resources/GLRendererFloat.bundle/GLRendererFloat
0x000000013070a000 	/Users/capu/Downloads/javafx-sdk-16/lib/libglass.dylib
0x00007fff31029000 	/System/Library/Frameworks/FileProvider.framework/Versions/A/FileProvider
0x00007fff26215000 	/System/Library/Frameworks/Accounts.framework/Versions/A/Accounts
0x00007fff31178000 	/System/Library/PrivateFrameworks/GenerationalStorage.framework/Versions/A/GenerationalStorage
0x00007fff31b0c000 	/System/Library/PrivateFrameworks/CoreSymbolication.framework/Versions/A/CoreSymbolication
0x00007fff30a49000 	/System/Library/PrivateFrameworks/SymptomDiagnosticReporter.framework/Versions/A/SymptomDiagnosticReporter
0x00007fff23d1f000 	/System/Library/PrivateFrameworks/DesktopServicesPriv.framework/Versions/A/DesktopServicesPriv
0x00007fff22d27000 	/usr/lib/libsandbox.1.dylib
0x00007fff27463000 	/System/Library/PrivateFrameworks/UserManagement.framework/Versions/A/UserManagement
0x00007fff29d30000 	/System/Library/PrivateFrameworks/MobileKeyBag.framework/Versions/A/MobileKeyBag
0x00007fff3452d000 	/System/Library/PrivateFrameworks/ChunkingLibrary.framework/Versions/A/ChunkingLibrary
0x00007fff31ad0000 	/System/Library/PrivateFrameworks/DebugSymbols.framework/Versions/A/DebugSymbols
0x00007fff2e24a000 	/System/Library/PrivateFrameworks/Sharing.framework/Versions/A/Sharing
0x00007fff32ab6000 	/System/Library/PrivateFrameworks/Apple80211.framework/Versions/A/Apple80211
0x00007fff2a3dd000 	/System/Library/PrivateFrameworks/AuthKit.framework/Versions/A/AuthKit
0x00007fff29b2e000 	/System/Library/PrivateFrameworks/CoreUtils.framework/Versions/A/CoreUtils
0x00007fff29a5b000 	/System/Library/Frameworks/CoreWLAN.framework/Versions/A/CoreWLAN
0x00007fff2e396000 	/System/Library/Frameworks/IOBluetooth.framework/Versions/A/IOBluetooth
0x00007fff32b1a000 	/System/Library/PrivateFrameworks/CoreWiFi.framework/Versions/A/CoreWiFi
0x00007fff2d90e000 	/System/Library/PrivateFrameworks/CorePhoneNumbers.framework/Versions/A/CorePhoneNumbers
0x00007fff30b50000 	/System/Library/PrivateFrameworks/DiskManagement.framework/Versions/A/DiskManagement
0x00007fff30a66000 	/System/Library/PrivateFrameworks/AppleIDAuthSupport.framework/Versions/A/AppleIDAuthSupport
0x00007fff2d8ee000 	/System/Library/PrivateFrameworks/KeychainCircle.framework/Versions/A/KeychainCircle
0x00007fff30b1c000 	/System/Library/PrivateFrameworks/MediaKit.framework/Versions/A/MediaKit
0x00007fff30a73000 	/System/Library/Frameworks/DiscRecording.framework/Versions/A/DiscRecording
0x00007fff2b0ba000 	/usr/lib/libCoreStorage.dylib
0x00007fff32f55000 	/usr/lib/libcsfde.dylib
0x00007fff2e4d1000 	/System/Library/PrivateFrameworks/ProtectedCloudStorage.framework/Versions/A/ProtectedCloudStorage
0x00007fff32f4d000 	/System/Library/PrivateFrameworks/EFILogin.framework/Versions/A/EFILogin
0x00007fff33566000 	/System/Library/Frameworks/AudioUnit.framework/Versions/A/AudioUnit
0x00007fff309e4000 	/System/Library/Frameworks/CoreBluetooth.framework/Versions/A/CoreBluetooth
0x00007fff2b0b2000 	/usr/lib/libMatch.1.dylib
0x0000000131cd3000 	/usr/lib/libobjc-trampolines.dylib
0x00007fff41206000 	/System/Library/Frameworks/Accelerate.framework/Versions/A/Frameworks/vImage.framework/Versions/A/Libraries/libCGInterfaces.dylib
0x00007fff7783c000 	/usr/lib/libRosetta.dylib
0x00007fff27166000 	/System/Library/PrivateFrameworks/ViewBridge.framework/Versions/A/ViewBridge
0x0000000135100000 	/Users/capu/Downloads/javafx-sdk-16/lib/libjavafx_font.dylib
0x00007fff2b857000 	/System/Library/PrivateFrameworks/login.framework/Versions/A/login


VM Arguments:
jvm_args: --module-path=/Users/capu/Downloads/javafx-sdk-16/lib --add-modules=javafx.controls,javafx.fxml -Djava.library.path=/Users/capu/Downloads/javafx-sdk-16/lib -javaagent:/Applications/IntelliJ IDEA.app/Contents/lib/idea_rt.jar=50940:/Applications/IntelliJ IDEA.app/Contents/bin -Dfile.encoding=UTF-8 
java_command: sample.Main
java_class_path (initial): /Users/capu/Desktop/Bomberman/out/production/Bomberman:/Users/capu/.m2/repository/org/openjfx/javafx-fxml/16/javafx-fxml-16.jar:/Users/capu/.m2/repository/org/openjfx/javafx-fxml/16/javafx-fxml-16-mac.jar:/Users/capu/.m2/repository/org/openjfx/javafx-controls/16/javafx-controls-16.jar:/Users/capu/.m2/repository/org/openjfx/javafx-controls/16/javafx-controls-16-mac.jar:/Users/capu/.m2/repository/org/openjfx/javafx-graphics/16/javafx-graphics-16.jar:/Users/capu/.m2/repository/org/openjfx/javafx-graphics/16/javafx-graphics-16-mac.jar:/Users/capu/.m2/repository/org/openjfx/javafx-base/16/javafx-base-16.jar:/Users/capu/.m2/repository/org/openjfx/javafx-base/16/javafx-base-16-mac.jar:/Users/capu/Downloads/javafx-sdk-16/lib/src.zip:/Users/capu/Downloads/javafx-sdk-16/lib/javafx-swt.jar:/Users/capu/Downloads/javafx-sdk-16/lib/javafx.web.jar:/Users/capu/Downloads/javafx-sdk-16/lib/javafx.base.jar:/Users/capu/Downloads/javafx-sdk-16/lib/javafx.fxml.jar:/Users/capu/Downloads/javafx-sdk-16/lib/javafx.media.jar:/Users/capu/Downloads/javafx-sdk-16/lib/javafx.swing.jar:/Users/capu/Downloads/javafx-sdk-16/lib/javafx.controls.jar:/Users/capu/Downloads/javafx-sdk-16/lib/javafx.graphics.jar
Launcher Type: SUN_STANDARD

[Global flags]
     intx CICompilerCount                          = 4                                         {product} {ergonomic}
     uint ConcGCThreads                            = 2                                         {product} {ergonomic}
     uint G1ConcRefinementThreads                  = 8                                         {product} {ergonomic}
   size_t G1HeapRegionSize                         = 1048576                                   {product} {ergonomic}
    uintx GCDrainStackTargetSize                   = 64                                        {product} {ergonomic}
   size_t InitialHeapSize                          = 134217728                                 {product} {ergonomic}
   size_t MarkStackSize                            = 4194304                                   {product} {ergonomic}
   size_t MaxHeapSize                              = 2147483648                                {product} {ergonomic}
   size_t MaxNewSize                               = 1287651328                                {product} {ergonomic}
   size_t MinHeapDeltaBytes                        = 1048576                                   {product} {ergonomic}
   size_t MinHeapSize                              = 8388608                                   {product} {ergonomic}
    uintx NonNMethodCodeHeapSize                   = 5839372                                {pd product} {ergonomic}
    uintx NonProfiledCodeHeapSize                  = 122909434                              {pd product} {ergonomic}
    uintx ProfiledCodeHeapSize                     = 122909434                              {pd product} {ergonomic}
    uintx ReservedCodeCacheSize                    = 251658240                              {pd product} {ergonomic}
     bool SegmentedCodeCache                       = true                                      {product} {ergonomic}
   size_t SoftMaxHeapSize                          = 2147483648                             {manageable} {ergonomic}
     bool UseCompressedClassPointers               = true                           {product lp64_product} {ergonomic}
     bool UseCompressedOops                        = true                           {product lp64_product} {ergonomic}
     bool UseG1GC                                  = true                                      {product} {ergonomic}
     bool UseNUMA                                  = false                                     {product} {ergonomic}
     bool UseNUMAInterleaving                      = false                                     {product} {ergonomic}

Logging:
Log output configuration:
 #0: stdout all=warning uptime,level,tags
 #1: stderr all=off uptime,level,tags

Environment Variables:
PATH=/Library/Frameworks/Python.framework/Versions/3.8/bin:/Library/Frameworks/Python.framework/Versions/3.9/bin:/usr/local/bin:/usr/bin:/bin:/usr/sbin:/sbin:/Library/Apple/usr/bin:/Applications/Postgres.app/Contents/Versions/latest/bin
SHELL=/bin/zsh
LC_CTYPE=UTF-8

Signal Handlers:
SIGSEGV: [libjvm.dylib+0xa7da90], sa_mask[0]=11100110000111110111111111111111, sa_flags=SA_ONSTACK|SA_RESTART|SA_SIGINFO
SIGBUS: [libjvm.dylib+0xa7da90], sa_mask[0]=11100110000111110111111111111111, sa_flags=SA_RESTART|SA_SIGINFO
SIGFPE: [libjvm.dylib+0xa7da90], sa_mask[0]=11100110000111110111111111111111, sa_flags=SA_RESTART|SA_SIGINFO
SIGPIPE: [libjvm.dylib+0x947540], sa_mask[0]=11100110000111110111111111111111, sa_flags=SA_RESTART|SA_SIGINFO
SIGXFSZ: [libjvm.dylib+0x947540], sa_mask[0]=11100110000111110111111111111111, sa_flags=SA_RESTART|SA_SIGINFO
SIGILL: [libjvm.dylib+0xa7da90], sa_mask[0]=11100110000111110111111111111111, sa_flags=SA_RESTART|SA_SIGINFO
SIGUSR2: [libjvm.dylib+0x947ff0], sa_mask[0]=00100000000000000000000000000000, sa_flags=SA_RESTART|SA_SIGINFO
SIGHUP: [libjvm.dylib+0x9465b0], sa_mask[0]=11100110000111110111111111111111, sa_flags=SA_RESTART|SA_SIGINFO
SIGINT: [libjvm.dylib+0x9465b0], sa_mask[0]=11100110000111110111111111111111, sa_flags=SA_RESTART|SA_SIGINFO
SIGTERM: [libjvm.dylib+0x9465b0], sa_mask[0]=11100110000111110111111111111111, sa_flags=SA_RESTART|SA_SIGINFO
SIGQUIT: [libjvm.dylib+0x9465b0], sa_mask[0]=11100110000111110111111111111111, sa_flags=SA_RESTART|SA_SIGINFO
SIGTRAP: [libjvm.dylib+0xa7da90], sa_mask[0]=11100110000111110111111111111111, sa_flags=SA_RESTART|SA_SIGINFO


---------------  S Y S T E M  ---------------

OS:uname: Darwin 20.4.0 Darwin Kernel Version 20.4.0: Thu Apr 22 21:46:47 PDT 2021; root:xnu-7195.101.2~1/RELEASE_X86_64 x86_64
OS uptime: 5 days 16:23 hours
rlimit (soft/hard): STACK 8192k/65532k , CORE 0k/infinity , NPROC 1392/2088 , NOFILE 10240/infinity , AS infinity/infinity , CPU infinity/infinity , DATA infinity/infinity , FSIZE infinity/infinity , MEMLOCK infinity/infinity , RSS infinity/infinity
load average: 1.58 2.05 2.20

CPU: total 8 (initial active 8) (4 cores per cpu, 2 threads per core) family 6 model 142 stepping 10 microcode 0xe0, cx8, cmov, fxsr, ht, mmx, 3dnowpref, sse, sse2, sse3, ssse3, sse4.1, sse4.2, popcnt, lzcnt, tsc, tscinvbit, avx, avx2, aes, erms, clmul, bmi1, bmi2, adx, fma, vzeroupper, clflush, clflushopt

Memory: 4k page, physical 8388608k(39348k free), swap 6291456k(536576k free)

vm_info: OpenJDK 64-Bit Server VM (16.0.1+9-24) for bsd-amd64 JRE (16.0.1+9-24), built on Mar 26 2021 18:17:32 by "mach5one" with clang 4.2.1 Compatible Apple LLVM 11.0.0 (clang-1100.0.33.17)

END.
